{"F:\\pdl\\backend\\generate_coverage_report.js": {"path":"F:\\pdl\\backend\\generate_coverage_report.js","statementMap":{"0":{"start":{"line":3,"column":11},"end":{"line":3,"column":24}},"1":{"start":{"line":4,"column":13},"end":{"line":4,"column":28}},"2":{"start":{"line":7,"column":36},"end":{"line":56,"column":1}},"3":{"start":{"line":8,"column":19},"end":{"line":8,"column":64}},"4":{"start":{"line":9,"column":24},"end":{"line":9,"column":75}},"5":{"start":{"line":11,"column":2},"end":{"line":14,"column":3}},"6":{"start":{"line":12,"column":4},"end":{"line":12,"column":43}},"7":{"start":{"line":13,"column":4},"end":{"line":13,"column":11}},"8":{"start":{"line":16,"column":22},"end":{"line":16,"column":55}},"9":{"start":{"line":17,"column":16},"end":{"line":17,"column":39}},"10":{"start":{"line":19,"column":20},"end":{"line":19,"column":22}},"11":{"start":{"line":20,"column":20},"end":{"line":20,"column":25}},"12":{"start":{"line":21,"column":20},"end":{"line":21,"column":25}},"13":{"start":{"line":24,"column":2},"end":{"line":49,"column":3}},"14":{"start":{"line":25,"column":4},"end":{"line":48,"column":5}},"15":{"start":{"line":26,"column":23},"end":{"line":26,"column":46}},"16":{"start":{"line":28,"column":6},"end":{"line":33,"column":7}},"17":{"start":{"line":29,"column":8},"end":{"line":29,"column":27}},"18":{"start":{"line":30,"column":8},"end":{"line":30,"column":35}},"19":{"start":{"line":32,"column":8},"end":{"line":32,"column":28}},"20":{"start":{"line":34,"column":11},"end":{"line":48,"column":5}},"21":{"start":{"line":35,"column":6},"end":{"line":37,"column":7}},"22":{"start":{"line":36,"column":8},"end":{"line":36,"column":35}},"23":{"start":{"line":38,"column":6},"end":{"line":40,"column":7}},"24":{"start":{"line":39,"column":8},"end":{"line":39,"column":28}},"25":{"start":{"line":41,"column":11},"end":{"line":48,"column":5}},"26":{"start":{"line":42,"column":6},"end":{"line":42,"column":33}},"27":{"start":{"line":44,"column":6},"end":{"line":47,"column":7}},"28":{"start":{"line":45,"column":22},"end":{"line":45,"column":50}},"29":{"start":{"line":46,"column":8},"end":{"line":46,"column":42}},"30":{"start":{"line":46,"column":23},"end":{"line":46,"column":42}},"31":{"start":{"line":51,"column":2},"end":{"line":51,"column":47}},"32":{"start":{"line":52,"column":2},"end":{"line":52,"column":48}},"33":{"start":{"line":53,"column":2},"end":{"line":53,"column":30}},"34":{"start":{"line":55,"column":2},"end":{"line":55,"column":23}},"35":{"start":{"line":59,"column":30},"end":{"line":124,"column":1}},"36":{"start":{"line":60,"column":19},"end":{"line":60,"column":64}},"37":{"start":{"line":62,"column":2},"end":{"line":65,"column":3}},"38":{"start":{"line":63,"column":4},"end":{"line":63,"column":32}},"39":{"start":{"line":64,"column":4},"end":{"line":64,"column":11}},"40":{"start":{"line":67,"column":22},"end":{"line":67,"column":55}},"41":{"start":{"line":68,"column":16},"end":{"line":68,"column":39}},"42":{"start":{"line":70,"column":19},"end":{"line":70,"column":20}},"43":{"start":{"line":71,"column":21},"end":{"line":71,"column":22}},"44":{"start":{"line":72,"column":19},"end":{"line":72,"column":20}},"45":{"start":{"line":73,"column":21},"end":{"line":73,"column":22}},"46":{"start":{"line":75,"column":25},"end":{"line":75,"column":26}},"47":{"start":{"line":76,"column":27},"end":{"line":76,"column":28}},"48":{"start":{"line":77,"column":15},"end":{"line":77,"column":20}},"49":{"start":{"line":79,"column":2},"end":{"line":106,"column":3}},"50":{"start":{"line":80,"column":4},"end":{"line":105,"column":5}},"51":{"start":{"line":81,"column":6},"end":{"line":86,"column":7}},"52":{"start":{"line":82,"column":8},"end":{"line":82,"column":21}},"53":{"start":{"line":83,"column":8},"end":{"line":83,"column":51}},"54":{"start":{"line":83,"column":36},"end":{"line":83,"column":51}},"55":{"start":{"line":84,"column":8},"end":{"line":84,"column":39}},"56":{"start":{"line":85,"column":8},"end":{"line":85,"column":43}},"57":{"start":{"line":87,"column":6},"end":{"line":87,"column":27}},"58":{"start":{"line":88,"column":6},"end":{"line":88,"column":29}},"59":{"start":{"line":89,"column":6},"end":{"line":89,"column":20}},"60":{"start":{"line":90,"column":11},"end":{"line":105,"column":5}},"61":{"start":{"line":91,"column":20},"end":{"line":91,"column":35}},"62":{"start":{"line":92,"column":6},"end":{"line":96,"column":7}},"63":{"start":{"line":93,"column":25},"end":{"line":93,"column":43}},"64":{"start":{"line":94,"column":8},"end":{"line":94,"column":27}},"65":{"start":{"line":95,"column":8},"end":{"line":95,"column":47}},"66":{"start":{"line":95,"column":26},"end":{"line":95,"column":47}},"67":{"start":{"line":97,"column":11},"end":{"line":105,"column":5}},"68":{"start":{"line":98,"column":6},"end":{"line":103,"column":7}},"69":{"start":{"line":99,"column":8},"end":{"line":99,"column":21}},"70":{"start":{"line":100,"column":8},"end":{"line":100,"column":51}},"71":{"start":{"line":100,"column":36},"end":{"line":100,"column":51}},"72":{"start":{"line":101,"column":8},"end":{"line":101,"column":39}},"73":{"start":{"line":102,"column":8},"end":{"line":102,"column":43}},"74":{"start":{"line":104,"column":6},"end":{"line":104,"column":21}},"75":{"start":{"line":108,"column":29},"end":{"line":108,"column":95}},"76":{"start":{"line":110,"column":2},"end":{"line":110,"column":29}},"77":{"start":{"line":111,"column":2},"end":{"line":111,"column":37}},"78":{"start":{"line":112,"column":2},"end":{"line":112,"column":42}},"79":{"start":{"line":113,"column":2},"end":{"line":113,"column":36}},"80":{"start":{"line":114,"column":2},"end":{"line":114,"column":40}},"81":{"start":{"line":115,"column":2},"end":{"line":115,"column":45}},"82":{"start":{"line":117,"column":2},"end":{"line":123,"column":4}},"83":{"start":{"line":127,"column":13},"end":{"line":136,"column":1}},"84":{"start":{"line":128,"column":2},"end":{"line":128,"column":33}},"85":{"start":{"line":130,"column":16},"end":{"line":130,"column":39}},"86":{"start":{"line":131,"column":26},"end":{"line":131,"column":55}},"87":{"start":{"line":133,"column":2},"end":{"line":133,"column":32}},"88":{"start":{"line":134,"column":2},"end":{"line":134,"column":43}},"89":{"start":{"line":135,"column":2},"end":{"line":135,"column":72}},"90":{"start":{"line":138,"column":0},"end":{"line":138,"column":7}}},"fnMap":{"0":{"name":"(anonymous_0)","decl":{"start":{"line":7,"column":36},"end":{"line":7,"column":37}},"loc":{"start":{"line":7,"column":42},"end":{"line":56,"column":1}},"line":7},"1":{"name":"(anonymous_1)","decl":{"start":{"line":59,"column":30},"end":{"line":59,"column":31}},"loc":{"start":{"line":59,"column":36},"end":{"line":124,"column":1}},"line":59},"2":{"name":"(anonymous_2)","decl":{"start":{"line":127,"column":13},"end":{"line":127,"column":14}},"loc":{"start":{"line":127,"column":19},"end":{"line":136,"column":1}},"line":127}},"branchMap":{"0":{"loc":{"start":{"line":11,"column":2},"end":{"line":14,"column":3}},"type":"if","locations":[{"start":{"line":11,"column":2},"end":{"line":14,"column":3}},{"start":{},"end":{}}],"line":11},"1":{"loc":{"start":{"line":25,"column":4},"end":{"line":48,"column":5}},"type":"if","locations":[{"start":{"line":25,"column":4},"end":{"line":48,"column":5}},{"start":{"line":34,"column":11},"end":{"line":48,"column":5}}],"line":25},"2":{"loc":{"start":{"line":28,"column":6},"end":{"line":33,"column":7}},"type":"if","locations":[{"start":{"line":28,"column":6},"end":{"line":33,"column":7}},{"start":{"line":31,"column":13},"end":{"line":33,"column":7}}],"line":28},"3":{"loc":{"start":{"line":28,"column":10},"end":{"line":28,"column":80}},"type":"binary-expr","locations":[{"start":{"line":28,"column":10},"end":{"line":28,"column":39}},{"start":{"line":28,"column":43},"end":{"line":28,"column":80}}],"line":28},"4":{"loc":{"start":{"line":34,"column":11},"end":{"line":48,"column":5}},"type":"if","locations":[{"start":{"line":34,"column":11},"end":{"line":48,"column":5}},{"start":{"line":41,"column":11},"end":{"line":48,"column":5}}],"line":34},"5":{"loc":{"start":{"line":34,"column":15},"end":{"line":34,"column":73}},"type":"binary-expr","locations":[{"start":{"line":34,"column":15},"end":{"line":34,"column":37}},{"start":{"line":34,"column":41},"end":{"line":34,"column":73}}],"line":34},"6":{"loc":{"start":{"line":35,"column":6},"end":{"line":37,"column":7}},"type":"if","locations":[{"start":{"line":35,"column":6},"end":{"line":37,"column":7}},{"start":{},"end":{}}],"line":35},"7":{"loc":{"start":{"line":35,"column":10},"end":{"line":35,"column":47}},"type":"binary-expr","locations":[{"start":{"line":35,"column":10},"end":{"line":35,"column":21}},{"start":{"line":35,"column":25},"end":{"line":35,"column":47}}],"line":35},"8":{"loc":{"start":{"line":38,"column":6},"end":{"line":40,"column":7}},"type":"if","locations":[{"start":{"line":38,"column":6},"end":{"line":40,"column":7}},{"start":{},"end":{}}],"line":38},"9":{"loc":{"start":{"line":41,"column":11},"end":{"line":48,"column":5}},"type":"if","locations":[{"start":{"line":41,"column":11},"end":{"line":48,"column":5}},{"start":{},"end":{}}],"line":41},"10":{"loc":{"start":{"line":44,"column":6},"end":{"line":47,"column":7}},"type":"if","locations":[{"start":{"line":44,"column":6},"end":{"line":47,"column":7}},{"start":{},"end":{}}],"line":44},"11":{"loc":{"start":{"line":44,"column":10},"end":{"line":44,"column":80}},"type":"binary-expr","locations":[{"start":{"line":44,"column":10},"end":{"line":44,"column":31}},{"start":{"line":44,"column":35},"end":{"line":44,"column":55}},{"start":{"line":44,"column":59},"end":{"line":44,"column":80}}],"line":44},"12":{"loc":{"start":{"line":46,"column":8},"end":{"line":46,"column":42}},"type":"if","locations":[{"start":{"line":46,"column":8},"end":{"line":46,"column":42}},{"start":{},"end":{}}],"line":46},"13":{"loc":{"start":{"line":62,"column":2},"end":{"line":65,"column":3}},"type":"if","locations":[{"start":{"line":62,"column":2},"end":{"line":65,"column":3}},{"start":{},"end":{}}],"line":62},"14":{"loc":{"start":{"line":80,"column":4},"end":{"line":105,"column":5}},"type":"if","locations":[{"start":{"line":80,"column":4},"end":{"line":105,"column":5}},{"start":{"line":90,"column":11},"end":{"line":105,"column":5}}],"line":80},"15":{"loc":{"start":{"line":81,"column":6},"end":{"line":86,"column":7}},"type":"if","locations":[{"start":{"line":81,"column":6},"end":{"line":86,"column":7}},{"start":{},"end":{}}],"line":81},"16":{"loc":{"start":{"line":83,"column":8},"end":{"line":83,"column":51}},"type":"if","locations":[{"start":{"line":83,"column":8},"end":{"line":83,"column":51}},{"start":{},"end":{}}],"line":83},"17":{"loc":{"start":{"line":90,"column":11},"end":{"line":105,"column":5}},"type":"if","locations":[{"start":{"line":90,"column":11},"end":{"line":105,"column":5}},{"start":{"line":97,"column":11},"end":{"line":105,"column":5}}],"line":90},"18":{"loc":{"start":{"line":92,"column":6},"end":{"line":96,"column":7}},"type":"if","locations":[{"start":{"line":92,"column":6},"end":{"line":96,"column":7}},{"start":{},"end":{}}],"line":92},"19":{"loc":{"start":{"line":95,"column":8},"end":{"line":95,"column":47}},"type":"if","locations":[{"start":{"line":95,"column":8},"end":{"line":95,"column":47}},{"start":{},"end":{}}],"line":95},"20":{"loc":{"start":{"line":97,"column":11},"end":{"line":105,"column":5}},"type":"if","locations":[{"start":{"line":97,"column":11},"end":{"line":105,"column":5}},{"start":{},"end":{}}],"line":97},"21":{"loc":{"start":{"line":98,"column":6},"end":{"line":103,"column":7}},"type":"if","locations":[{"start":{"line":98,"column":6},"end":{"line":103,"column":7}},{"start":{},"end":{}}],"line":98},"22":{"loc":{"start":{"line":100,"column":8},"end":{"line":100,"column":51}},"type":"if","locations":[{"start":{"line":100,"column":8},"end":{"line":100,"column":51}},{"start":{},"end":{}}],"line":100},"23":{"loc":{"start":{"line":108,"column":29},"end":{"line":108,"column":95}},"type":"cond-expr","locations":[{"start":{"line":108,"column":46},"end":{"line":108,"column":91}},{"start":{"line":108,"column":94},"end":{"line":108,"column":95}}],"line":108}},"s":{"0":1,"1":1,"2":1,"3":1,"4":1,"5":1,"6":1,"7":1,"8":0,"9":0,"10":0,"11":0,"12":0,"13":0,"14":0,"15":0,"16":0,"17":0,"18":0,"19":0,"20":0,"21":0,"22":0,"23":0,"24":0,"25":0,"26":0,"27":0,"28":0,"29":0,"30":0,"31":0,"32":0,"33":0,"34":0,"35":1,"36":1,"37":1,"38":1,"39":1,"40":0,"41":0,"42":0,"43":0,"44":0,"45":0,"46":0,"47":0,"48":0,"49":0,"50":0,"51":0,"52":0,"53":0,"54":0,"55":0,"56":0,"57":0,"58":0,"59":0,"60":0,"61":0,"62":0,"63":0,"64":0,"65":0,"66":0,"67":0,"68":0,"69":0,"70":0,"71":0,"72":0,"73":0,"74":0,"75":0,"76":0,"77":0,"78":0,"79":0,"80":0,"81":0,"82":0,"83":1,"84":1,"85":1,"86":1,"87":1,"88":1,"89":1,"90":1},"f":{"0":1,"1":1,"2":1},"b":{"0":[1,0],"1":[0,0],"2":[0,0],"3":[0,0],"4":[0,0],"5":[0,0],"6":[0,0],"7":[0,0],"8":[0,0],"9":[0,0],"10":[0,0],"11":[0,0,0],"12":[0,0],"13":[1,0],"14":[0,0],"15":[0,0],"16":[0,0],"17":[0,0],"18":[0,0],"19":[0,0],"20":[0,0],"21":[0,0],"22":[0,0],"23":[0,0]},"_coverageSchema":"1a1c01bbd47fc00a2c39e90264f33305004495a9","hash":"e5ec3bb89754950e208b76ea1beac4f3c6ceea68"}
,"F:\\pdl\\backend\\mbti_service.js": {"path":"F:\\pdl\\backend\\mbti_service.js","statementMap":{"0":{"start":{"line":4,"column":23},"end":{"line":4,"column":38}},"1":{"start":{"line":24,"column":8},"end":{"line":24,"column":18}},"2":{"start":{"line":27,"column":4},"end":{"line":29,"column":5}},"3":{"start":{"line":28,"column":6},"end":{"line":28,"column":32}},"4":{"start":{"line":32,"column":4},"end":{"line":34,"column":5}},"5":{"start":{"line":33,"column":6},"end":{"line":33,"column":37}},"6":{"start":{"line":37,"column":4},"end":{"line":39,"column":5}},"7":{"start":{"line":38,"column":6},"end":{"line":38,"column":39}},"8":{"start":{"line":41,"column":15},"end":{"line":41,"column":78}},"9":{"start":{"line":43,"column":4},"end":{"line":56,"column":6}},"10":{"start":{"line":65,"column":19},"end":{"line":65,"column":21}},"11":{"start":{"line":68,"column":4},"end":{"line":70,"column":5}},"12":{"start":{"line":69,"column":6},"end":{"line":69,"column":33}},"13":{"start":{"line":73,"column":4},"end":{"line":84,"column":5}},"14":{"start":{"line":74,"column":6},"end":{"line":74,"column":33}},"15":{"start":{"line":76,"column":29},"end":{"line":76,"column":49}},"16":{"start":{"line":77,"column":6},"end":{"line":83,"column":7}},"17":{"start":{"line":78,"column":8},"end":{"line":82,"column":9}},"18":{"start":{"line":81,"column":10},"end":{"line":81,"column":48}},"19":{"start":{"line":87,"column":4},"end":{"line":89,"column":5}},"20":{"start":{"line":88,"column":6},"end":{"line":88,"column":33}},"21":{"start":{"line":92,"column":4},"end":{"line":94,"column":5}},"22":{"start":{"line":93,"column":6},"end":{"line":93,"column":33}},"23":{"start":{"line":97,"column":4},"end":{"line":99,"column":5}},"24":{"start":{"line":98,"column":6},"end":{"line":98,"column":33}},"25":{"start":{"line":101,"column":4},"end":{"line":104,"column":6}},"26":{"start":{"line":116,"column":30},"end":{"line":142,"column":5}},"27":{"start":{"line":144,"column":21},"end":{"line":144,"column":77}},"28":{"start":{"line":146,"column":4},"end":{"line":164,"column":6}},"29":{"start":{"line":173,"column":19},"end":{"line":173,"column":87}},"30":{"start":{"line":173,"column":61},"end":{"line":173,"column":86}},"31":{"start":{"line":174,"column":4},"end":{"line":174,"column":38}},"32":{"start":{"line":174,"column":29},"end":{"line":174,"column":38}},"33":{"start":{"line":177,"column":17},"end":{"line":177,"column":78}},"34":{"start":{"line":177,"column":47},"end":{"line":177,"column":58}},"35":{"start":{"line":178,"column":21},"end":{"line":178,"column":102}},"36":{"start":{"line":178,"column":51},"end":{"line":178,"column":82}},"37":{"start":{"line":181,"column":24},"end":{"line":181,"column":28}},"38":{"start":{"line":182,"column":23},"end":{"line":182,"column":77}},"39":{"start":{"line":184,"column":4},"end":{"line":184,"column":46}},"40":{"start":{"line":193,"column":22},"end":{"line":193,"column":35}},"41":{"start":{"line":196,"column":4},"end":{"line":198,"column":5}},"42":{"start":{"line":197,"column":6},"end":{"line":197,"column":64}},"43":{"start":{"line":199,"column":4},"end":{"line":201,"column":5}},"44":{"start":{"line":200,"column":6},"end":{"line":200,"column":78}},"45":{"start":{"line":202,"column":4},"end":{"line":204,"column":5}},"46":{"start":{"line":203,"column":6},"end":{"line":203,"column":64}},"47":{"start":{"line":205,"column":4},"end":{"line":207,"column":5}},"48":{"start":{"line":206,"column":6},"end":{"line":206,"column":74}},"49":{"start":{"line":208,"column":4},"end":{"line":210,"column":5}},"50":{"start":{"line":209,"column":6},"end":{"line":209,"column":78}},"51":{"start":{"line":211,"column":4},"end":{"line":213,"column":5}},"52":{"start":{"line":212,"column":6},"end":{"line":212,"column":68}},"53":{"start":{"line":215,"column":4},"end":{"line":215,"column":21}},"54":{"start":{"line":219,"column":0},"end":{"line":219,"column":29}}},"fnMap":{"0":{"name":"(anonymous_0)","decl":{"start":{"line":13,"column":2},"end":{"line":13,"column":3}},"loc":{"start":{"line":13,"column":48},"end":{"line":57,"column":3}},"line":13},"1":{"name":"(anonymous_1)","decl":{"start":{"line":64,"column":2},"end":{"line":64,"column":3}},"loc":{"start":{"line":64,"column":36},"end":{"line":105,"column":3}},"line":64},"2":{"name":"(anonymous_2)","decl":{"start":{"line":114,"column":2},"end":{"line":114,"column":3}},"loc":{"start":{"line":114,"column":69},"end":{"line":165,"column":3}},"line":114},"3":{"name":"(anonymous_3)","decl":{"start":{"line":172,"column":2},"end":{"line":172,"column":3}},"loc":{"start":{"line":172,"column":46},"end":{"line":185,"column":3}},"line":172},"4":{"name":"(anonymous_4)","decl":{"start":{"line":173,"column":52},"end":{"line":173,"column":53}},"loc":{"start":{"line":173,"column":61},"end":{"line":173,"column":86}},"line":173},"5":{"name":"(anonymous_5)","decl":{"start":{"line":177,"column":31},"end":{"line":177,"column":32}},"loc":{"start":{"line":177,"column":47},"end":{"line":177,"column":58}},"line":177},"6":{"name":"(anonymous_6)","decl":{"start":{"line":178,"column":35},"end":{"line":178,"column":36}},"loc":{"start":{"line":178,"column":51},"end":{"line":178,"column":82}},"line":178},"7":{"name":"(anonymous_7)","decl":{"start":{"line":192,"column":2},"end":{"line":192,"column":3}},"loc":{"start":{"line":192,"column":40},"end":{"line":216,"column":3}},"line":192}},"branchMap":{"0":{"loc":{"start":{"line":22,"column":6},"end":{"line":22,"column":27}},"type":"default-arg","locations":[{"start":{"line":22,"column":21},"end":{"line":22,"column":27}}],"line":22},"1":{"loc":{"start":{"line":23,"column":6},"end":{"line":23,"column":28}},"type":"default-arg","locations":[{"start":{"line":23,"column":25},"end":{"line":23,"column":28}}],"line":23},"2":{"loc":{"start":{"line":27,"column":4},"end":{"line":29,"column":5}},"type":"if","locations":[{"start":{"line":27,"column":4},"end":{"line":29,"column":5}},{"start":{},"end":{}}],"line":27},"3":{"loc":{"start":{"line":27,"column":8},"end":{"line":27,"column":94}},"type":"binary-expr","locations":[{"start":{"line":27,"column":8},"end":{"line":27,"column":18}},{"start":{"line":27,"column":22},"end":{"line":27,"column":34}},{"start":{"line":27,"column":38},"end":{"line":27,"column":57}},{"start":{"line":27,"column":61},"end":{"line":27,"column":73}},{"start":{"line":27,"column":77},"end":{"line":27,"column":94}}],"line":27},"4":{"loc":{"start":{"line":32,"column":4},"end":{"line":34,"column":5}},"type":"if","locations":[{"start":{"line":32,"column":4},"end":{"line":34,"column":5}},{"start":{},"end":{}}],"line":32},"5":{"loc":{"start":{"line":37,"column":4},"end":{"line":39,"column":5}},"type":"if","locations":[{"start":{"line":37,"column":4},"end":{"line":39,"column":5}},{"start":{},"end":{}}],"line":37},"6":{"loc":{"start":{"line":37,"column":8},"end":{"line":37,"column":52}},"type":"binary-expr","locations":[{"start":{"line":37,"column":8},"end":{"line":37,"column":28}},{"start":{"line":37,"column":32},"end":{"line":37,"column":52}}],"line":37},"7":{"loc":{"start":{"line":51,"column":26},"end":{"line":51,"column":88}},"type":"cond-expr","locations":[{"start":{"line":51,"column":47},"end":{"line":51,"column":81}},{"start":{"line":51,"column":84},"end":{"line":51,"column":88}}],"line":51},"8":{"loc":{"start":{"line":52,"column":21},"end":{"line":52,"column":73}},"type":"cond-expr","locations":[{"start":{"line":52,"column":37},"end":{"line":52,"column":66}},{"start":{"line":52,"column":69},"end":{"line":52,"column":73}}],"line":52},"9":{"loc":{"start":{"line":68,"column":4},"end":{"line":70,"column":5}},"type":"if","locations":[{"start":{"line":68,"column":4},"end":{"line":70,"column":5}},{"start":{},"end":{}}],"line":68},"10":{"loc":{"start":{"line":68,"column":8},"end":{"line":68,"column":77}},"type":"binary-expr","locations":[{"start":{"line":68,"column":8},"end":{"line":68,"column":27}},{"start":{"line":68,"column":31},"end":{"line":68,"column":77}}],"line":68},"11":{"loc":{"start":{"line":73,"column":4},"end":{"line":84,"column":5}},"type":"if","locations":[{"start":{"line":73,"column":4},"end":{"line":84,"column":5}},{"start":{"line":75,"column":11},"end":{"line":84,"column":5}}],"line":73},"12":{"loc":{"start":{"line":73,"column":8},"end":{"line":73,"column":73}},"type":"binary-expr","locations":[{"start":{"line":73,"column":8},"end":{"line":73,"column":29}},{"start":{"line":73,"column":33},"end":{"line":73,"column":73}}],"line":73},"13":{"loc":{"start":{"line":78,"column":8},"end":{"line":82,"column":9}},"type":"if","locations":[{"start":{"line":78,"column":8},"end":{"line":82,"column":9}},{"start":{},"end":{}}],"line":78},"14":{"loc":{"start":{"line":78,"column":12},"end":{"line":80,"column":45}},"type":"binary-expr","locations":[{"start":{"line":78,"column":12},"end":{"line":78,"column":59}},{"start":{"line":79,"column":12},"end":{"line":79,"column":43}},{"start":{"line":80,"column":12},"end":{"line":80,"column":45}}],"line":78},"15":{"loc":{"start":{"line":87,"column":4},"end":{"line":89,"column":5}},"type":"if","locations":[{"start":{"line":87,"column":4},"end":{"line":89,"column":5}},{"start":{},"end":{}}],"line":87},"16":{"loc":{"start":{"line":87,"column":8},"end":{"line":87,"column":87}},"type":"binary-expr","locations":[{"start":{"line":87,"column":8},"end":{"line":87,"column":36}},{"start":{"line":87,"column":40},"end":{"line":87,"column":87}}],"line":87},"17":{"loc":{"start":{"line":92,"column":4},"end":{"line":94,"column":5}},"type":"if","locations":[{"start":{"line":92,"column":4},"end":{"line":94,"column":5}},{"start":{},"end":{}}],"line":92},"18":{"loc":{"start":{"line":92,"column":8},"end":{"line":92,"column":73}},"type":"binary-expr","locations":[{"start":{"line":92,"column":8},"end":{"line":92,"column":29}},{"start":{"line":92,"column":33},"end":{"line":92,"column":73}}],"line":92},"19":{"loc":{"start":{"line":97,"column":4},"end":{"line":99,"column":5}},"type":"if","locations":[{"start":{"line":97,"column":4},"end":{"line":99,"column":5}},{"start":{},"end":{}}],"line":97},"20":{"loc":{"start":{"line":97,"column":8},"end":{"line":97,"column":83}},"type":"binary-expr","locations":[{"start":{"line":97,"column":8},"end":{"line":97,"column":34}},{"start":{"line":97,"column":38},"end":{"line":97,"column":83}}],"line":97},"21":{"loc":{"start":{"line":144,"column":21},"end":{"line":144,"column":77}},"type":"binary-expr","locations":[{"start":{"line":144,"column":21},"end":{"line":144,"column":48}},{"start":{"line":144,"column":52},"end":{"line":144,"column":77}}],"line":144},"22":{"loc":{"start":{"line":174,"column":4},"end":{"line":174,"column":38}},"type":"if","locations":[{"start":{"line":174,"column":4},"end":{"line":174,"column":38}},{"start":{},"end":{}}],"line":174},"23":{"loc":{"start":{"line":196,"column":4},"end":{"line":198,"column":5}},"type":"if","locations":[{"start":{"line":196,"column":4},"end":{"line":198,"column":5}},{"start":{},"end":{}}],"line":196},"24":{"loc":{"start":{"line":199,"column":4},"end":{"line":201,"column":5}},"type":"if","locations":[{"start":{"line":199,"column":4},"end":{"line":201,"column":5}},{"start":{},"end":{}}],"line":199},"25":{"loc":{"start":{"line":202,"column":4},"end":{"line":204,"column":5}},"type":"if","locations":[{"start":{"line":202,"column":4},"end":{"line":204,"column":5}},{"start":{},"end":{}}],"line":202},"26":{"loc":{"start":{"line":205,"column":4},"end":{"line":207,"column":5}},"type":"if","locations":[{"start":{"line":205,"column":4},"end":{"line":207,"column":5}},{"start":{},"end":{}}],"line":205},"27":{"loc":{"start":{"line":208,"column":4},"end":{"line":210,"column":5}},"type":"if","locations":[{"start":{"line":208,"column":4},"end":{"line":210,"column":5}},{"start":{},"end":{}}],"line":208},"28":{"loc":{"start":{"line":208,"column":8},"end":{"line":208,"column":88}},"type":"binary-expr","locations":[{"start":{"line":208,"column":8},"end":{"line":208,"column":36}},{"start":{"line":208,"column":40},"end":{"line":208,"column":88}}],"line":208},"29":{"loc":{"start":{"line":211,"column":4},"end":{"line":213,"column":5}},"type":"if","locations":[{"start":{"line":211,"column":4},"end":{"line":213,"column":5}},{"start":{},"end":{}}],"line":211},"30":{"loc":{"start":{"line":211,"column":8},"end":{"line":211,"column":78}},"type":"binary-expr","locations":[{"start":{"line":211,"column":8},"end":{"line":211,"column":31}},{"start":{"line":211,"column":35},"end":{"line":211,"column":78}}],"line":211}},"s":{"0":0,"1":0,"2":0,"3":0,"4":0,"5":0,"6":0,"7":0,"8":0,"9":0,"10":0,"11":0,"12":0,"13":0,"14":0,"15":0,"16":0,"17":0,"18":0,"19":0,"20":0,"21":0,"22":0,"23":0,"24":0,"25":0,"26":0,"27":0,"28":0,"29":0,"30":0,"31":0,"32":0,"33":0,"34":0,"35":0,"36":0,"37":0,"38":0,"39":0,"40":0,"41":0,"42":0,"43":0,"44":0,"45":0,"46":0,"47":0,"48":0,"49":0,"50":0,"51":0,"52":0,"53":0,"54":0},"f":{"0":0,"1":0,"2":0,"3":0,"4":0,"5":0,"6":0,"7":0},"b":{"0":[0],"1":[0],"2":[0,0],"3":[0,0,0,0,0],"4":[0,0],"5":[0,0],"6":[0,0],"7":[0,0],"8":[0,0],"9":[0,0],"10":[0,0],"11":[0,0],"12":[0,0],"13":[0,0],"14":[0,0,0],"15":[0,0],"16":[0,0],"17":[0,0],"18":[0,0],"19":[0,0],"20":[0,0],"21":[0,0],"22":[0,0],"23":[0,0],"24":[0,0],"25":[0,0],"26":[0,0],"27":[0,0],"28":[0,0],"29":[0,0],"30":[0,0]}}
,"F:\\pdl\\backend\\taskProcessor.js": {"path":"F:\\pdl\\backend\\taskProcessor.js","statementMap":{"0":{"start":{"line":3,"column":2},"end":{"line":8,"column":6}},"1":{"start":{"line":3,"column":28},"end":{"line":8,"column":3}},"2":{"start":{"line":12,"column":2},"end":{"line":12,"column":54}},"3":{"start":{"line":12,"column":30},"end":{"line":12,"column":52}},"4":{"start":{"line":16,"column":2},"end":{"line":20,"column":5}},"5":{"start":{"line":17,"column":18},"end":{"line":17,"column":39}},"6":{"start":{"line":18,"column":18},"end":{"line":18,"column":39}},"7":{"start":{"line":19,"column":4},"end":{"line":19,"column":60}},"8":{"start":{"line":24,"column":16},"end":{"line":24,"column":28}},"9":{"start":{"line":25,"column":20},"end":{"line":25,"column":76}},"10":{"start":{"line":25,"column":41},"end":{"line":25,"column":68}},"11":{"start":{"line":26,"column":18},"end":{"line":26,"column":72}},"12":{"start":{"line":26,"column":39},"end":{"line":26,"column":64}},"13":{"start":{"line":27,"column":21},"end":{"line":27,"column":79}},"14":{"start":{"line":27,"column":42},"end":{"line":27,"column":71}},"15":{"start":{"line":29,"column":2},"end":{"line":35,"column":4}},"16":{"start":{"line":38,"column":0},"end":{"line":43,"column":2}}},"fnMap":{"0":{"name":"processTaskData","decl":{"start":{"line":2,"column":9},"end":{"line":2,"column":24}},"loc":{"start":{"line":2,"column":32},"end":{"line":9,"column":1}},"line":2},"1":{"name":"(anonymous_1)","decl":{"start":{"line":3,"column":19},"end":{"line":3,"column":20}},"loc":{"start":{"line":3,"column":28},"end":{"line":8,"column":3}},"line":3},"2":{"name":"filterTasksByStatus","decl":{"start":{"line":11,"column":9},"end":{"line":11,"column":28}},"loc":{"start":{"line":11,"column":44},"end":{"line":13,"column":1}},"line":11},"3":{"name":"(anonymous_3)","decl":{"start":{"line":12,"column":22},"end":{"line":12,"column":23}},"loc":{"start":{"line":12,"column":30},"end":{"line":12,"column":52}},"line":12},"4":{"name":"sortTasksByDate","decl":{"start":{"line":15,"column":9},"end":{"line":15,"column":24}},"loc":{"start":{"line":15,"column":48},"end":{"line":21,"column":1}},"line":15},"5":{"name":"(anonymous_5)","decl":{"start":{"line":16,"column":20},"end":{"line":16,"column":21}},"loc":{"start":{"line":16,"column":30},"end":{"line":20,"column":3}},"line":16},"6":{"name":"calculateTaskStats","decl":{"start":{"line":23,"column":9},"end":{"line":23,"column":27}},"loc":{"start":{"line":23,"column":35},"end":{"line":36,"column":1}},"line":23},"7":{"name":"(anonymous_7)","decl":{"start":{"line":25,"column":33},"end":{"line":25,"column":34}},"loc":{"start":{"line":25,"column":41},"end":{"line":25,"column":68}},"line":25},"8":{"name":"(anonymous_8)","decl":{"start":{"line":26,"column":31},"end":{"line":26,"column":32}},"loc":{"start":{"line":26,"column":39},"end":{"line":26,"column":64}},"line":26},"9":{"name":"(anonymous_9)","decl":{"start":{"line":27,"column":34},"end":{"line":27,"column":35}},"loc":{"start":{"line":27,"column":42},"end":{"line":27,"column":71}},"line":27}},"branchMap":{"0":{"loc":{"start":{"line":5,"column":12},"end":{"line":5,"column":36}},"type":"binary-expr","locations":[{"start":{"line":5,"column":12},"end":{"line":5,"column":23}},{"start":{"line":5,"column":27},"end":{"line":5,"column":36}}],"line":5},"1":{"loc":{"start":{"line":6,"column":14},"end":{"line":6,"column":39}},"type":"binary-expr","locations":[{"start":{"line":6,"column":14},"end":{"line":6,"column":27}},{"start":{"line":6,"column":31},"end":{"line":6,"column":39}}],"line":6},"2":{"loc":{"start":{"line":7,"column":15},"end":{"line":7,"column":57}},"type":"binary-expr","locations":[{"start":{"line":7,"column":15},"end":{"line":7,"column":29}},{"start":{"line":7,"column":33},"end":{"line":7,"column":57}}],"line":7},"3":{"loc":{"start":{"line":15,"column":32},"end":{"line":15,"column":46}},"type":"default-arg","locations":[{"start":{"line":15,"column":40},"end":{"line":15,"column":46}}],"line":15},"4":{"loc":{"start":{"line":19,"column":11},"end":{"line":19,"column":59}},"type":"cond-expr","locations":[{"start":{"line":19,"column":30},"end":{"line":19,"column":43}},{"start":{"line":19,"column":46},"end":{"line":19,"column":59}}],"line":19},"5":{"loc":{"start":{"line":34,"column":20},"end":{"line":34,"column":73}},"type":"cond-expr","locations":[{"start":{"line":34,"column":32},"end":{"line":34,"column":69}},{"start":{"line":34,"column":72},"end":{"line":34,"column":73}}],"line":34}},"s":{"0":1,"1":4,"2":3,"3":8,"4":2,"5":7,"6":7,"7":7,"8":3,"9":3,"10":7,"11":3,"12":7,"13":3,"14":7,"15":3,"16":1},"f":{"0":1,"1":4,"2":3,"3":8,"4":2,"5":7,"6":3,"7":7,"8":7,"9":7},"b":{"0":[4,1],"1":[4,3],"2":[4,4],"3":[0],"4":[3,4],"5":[2,1]},"_coverageSchema":"1a1c01bbd47fc00a2c39e90264f33305004495a9","hash":"e0a49151178bb9ed9ac11d479b5e598b4a7b4185"}
,"F:\\pdl\\backend\\utils.js": {"path":"F:\\pdl\\backend\\utils.js","statementMap":{"0":{"start":{"line":3,"column":21},"end":{"line":3,"column":49}},"1":{"start":{"line":4,"column":2},"end":{"line":4,"column":32}},"2":{"start":{"line":8,"column":2},"end":{"line":10,"column":3}},"3":{"start":{"line":9,"column":4},"end":{"line":9,"column":60}},"4":{"start":{"line":11,"column":2},"end":{"line":13,"column":3}},"5":{"start":{"line":12,"column":4},"end":{"line":12,"column":17}},"6":{"start":{"line":14,"column":2},"end":{"line":14,"column":30}},"7":{"start":{"line":18,"column":2},"end":{"line":18,"column":59}},"8":{"start":{"line":22,"column":2},"end":{"line":22,"column":52}},"9":{"start":{"line":25,"column":0},"end":{"line":30,"column":2}}},"fnMap":{"0":{"name":"validateEmail","decl":{"start":{"line":2,"column":9},"end":{"line":2,"column":22}},"loc":{"start":{"line":2,"column":30},"end":{"line":5,"column":1}},"line":2},"1":{"name":"validatePassword","decl":{"start":{"line":7,"column":9},"end":{"line":7,"column":25}},"loc":{"start":{"line":7,"column":36},"end":{"line":15,"column":1}},"line":7},"2":{"name":"generateTaskId","decl":{"start":{"line":17,"column":9},"end":{"line":17,"column":23}},"loc":{"start":{"line":17,"column":26},"end":{"line":19,"column":1}},"line":17},"3":{"name":"formatDate","decl":{"start":{"line":21,"column":9},"end":{"line":21,"column":19}},"loc":{"start":{"line":21,"column":26},"end":{"line":23,"column":1}},"line":21}},"branchMap":{"0":{"loc":{"start":{"line":8,"column":2},"end":{"line":10,"column":3}},"type":"if","locations":[{"start":{"line":8,"column":2},"end":{"line":10,"column":3}},{"start":{},"end":{}}],"line":8},"1":{"loc":{"start":{"line":8,"column":6},"end":{"line":8,"column":49}},"type":"binary-expr","locations":[{"start":{"line":8,"column":6},"end":{"line":8,"column":23}},{"start":{"line":8,"column":27},"end":{"line":8,"column":49}}],"line":8},"2":{"loc":{"start":{"line":11,"column":2},"end":{"line":13,"column":3}},"type":"if","locations":[{"start":{"line":11,"column":2},"end":{"line":13,"column":3}},{"start":{},"end":{}}],"line":11}},"s":{"0":6,"1":6,"2":5,"3":1,"4":4,"5":0,"6":4,"7":2,"8":2,"9":1},"f":{"0":6,"1":5,"2":2,"3":2},"b":{"0":[1,4],"1":[5,4],"2":[0,4]},"_coverageSchema":"1a1c01bbd47fc00a2c39e90264f33305004495a9","hash":"a42e49caf68c4d68972fe00973580810cbc71212"}
}
