TN:
SF:server_enterprise.js
FN:52,formatDateTimeForBeijing
FN:90,safeParseJSON
FN:105,initDatabase
FN:127,createTables
FN:338,ensureSchemaCompatibility
FN:389,insertSampleData
FN:655,syncTaskStatusFromLog
FN:728,authenticateToken
FN:736,(anonymous_8)
FN:746,checkPermission
FN:747,(anonymous_10)
FN:758,(anonymous_11)
FN:763,(anonymous_12)
FN:1080,(anonymous_13)
FN:1136,(anonymous_14)
FN:1161,(anonymous_15)
FN:1172,(anonymous_16)
FN:1214,(anonymous_17)
FN:1232,(anonymous_18)
FN:1250,(anonymous_19)
FN:1267,(anonymous_20)
FN:1285,(anonymous_21)
FN:1303,(anonymous_22)
FN:1323,(anonymous_23)
FN:1350,(anonymous_24)
FN:1368,(anonymous_25)
FN:1385,(anonymous_26)
FN:1436,(anonymous_27)
FN:1453,(anonymous_28)
FN:1504,(anonymous_29)
FN:1555,(anonymous_30)
FN:1606,(anonymous_31)
FN:1631,roleRank
FN:1699,(anonymous_33)
FN:1742,roleRank
FN:1766,(anonymous_35)
FN:1885,(anonymous_36)
FN:1923,roleRank
FN:2026,(anonymous_38)
FN:2122,(anonymous_39)
FN:2199,(anonymous_40)
FN:2318,(anonymous_41)
FN:2383,(anonymous_42)
FN:2454,(anonymous_43)
FN:2474,(anonymous_44)
FN:2491,(anonymous_45)
FN:2506,formatDateOnly
FN:2582,(anonymous_47)
FN:2600,(anonymous_48)
FN:2608,(anonymous_49)
FN:2620,(anonymous_50)
FN:2637,(anonymous_51)
FN:2652,(anonymous_52)
FN:2665,(anonymous_53)
FN:2675,formatDateOnly
FN:2752,(anonymous_55)
FN:2769,(anonymous_56)
FN:2791,updateParentTaskProgress
FN:2851,createNotification
FN:2866,(anonymous_59)
FN:2959,(anonymous_60)
FN:2975,(anonymous_61)
FN:3004,(anonymous_62)
FN:3027,(anonymous_63)
FN:3049,(anonymous_64)
FN:3078,(anonymous_65)
FN:3089,(anonymous_66)
FN:3165,(anonymous_67)
FN:3166,(anonymous_68)
FN:3167,(anonymous_69)
FN:3168,(anonymous_70)
FN:3174,(anonymous_71)
FN:3184,(anonymous_72)
FN:3215,(anonymous_73)
FN:3271,(anonymous_74)
FN:3286,(anonymous_75)
FN:3298,(anonymous_76)
FN:3299,(anonymous_77)
FN:3312,generateAiAnalysis
FN:3395,generateWorkSuggestions
FN:3406,generateImprovementAdvice
FN:3417,(anonymous_81)
FN:3468,(anonymous_82)
FN:3471,(anonymous_83)
FN:3472,(anonymous_84)
FN:3509,(anonymous_85)
FN:3523,(anonymous_86)
FN:3545,(anonymous_87)
FN:3592,(anonymous_88)
FN:3648,(anonymous_89)
FN:3685,(anonymous_90)
FN:3774,(anonymous_91)
FN:3811,(anonymous_92)
FN:3839,startServer
FN:3847,(anonymous_94)
FN:3874,(anonymous_95)
FN:3883,(anonymous_96)
FN:3889,(anonymous_97)
FN:3890,(anonymous_98)
FN:3895,(anonymous_99)
FN:3908,(anonymous_100)
FN:3955,(anonymous_101)
FN:3956,(anonymous_102)
FN:3965,(anonymous_103)
FN:3976,(anonymous_104)
FN:3977,(anonymous_105)
FN:3981,(anonymous_106)
FN:3993,(anonymous_107)
FN:4043,(anonymous_108)
FN:4054,(anonymous_109)
FN:4072,(anonymous_110)
FN:4150,(anonymous_111)
FN:4161,(anonymous_112)
FN:4186,analyzePersonalityWithDeepSeek
FN:4285,analyzePersonalityLocally
FN:4291,(anonymous_115)
FN:4295,(anonymous_116)
FN:4299,(anonymous_117)
FN:4303,(anonymous_118)
FN:4307,(anonymous_119)
FN:4337,getMbtiBasedAdjustments
FN:4371,getWorkSuggestionsByMbti
FN:4409,getDefaultPersonalityAnalysis
FNF:123
FNH:21
FNDA:5,formatDateTimeForBeijing
FNDA:0,safeParseJSON
FNDA:1,initDatabase
FNDA:1,createTables
FNDA:1,ensureSchemaCompatibility
FNDA:1,insertSampleData
FNDA:0,syncTaskStatusFromLog
FNDA:8,authenticateToken
FNDA:7,(anonymous_8)
FNDA:6,checkPermission
FNDA:0,(anonymous_10)
FNDA:0,(anonymous_11)
FNDA:0,(anonymous_12)
FNDA:0,(anonymous_13)
FNDA:0,(anonymous_14)
FNDA:0,(anonymous_15)
FNDA:0,(anonymous_16)
FNDA:0,(anonymous_17)
FNDA:0,(anonymous_18)
FNDA:0,(anonymous_19)
FNDA:0,(anonymous_20)
FNDA:0,(anonymous_21)
FNDA:0,(anonymous_22)
FNDA:0,(anonymous_23)
FNDA:0,(anonymous_24)
FNDA:0,(anonymous_25)
FNDA:1,(anonymous_26)
FNDA:1,(anonymous_27)
FNDA:0,(anonymous_28)
FNDA:3,(anonymous_29)
FNDA:7,(anonymous_30)
FNDA:1,(anonymous_31)
FNDA:2,roleRank
FNDA:0,(anonymous_33)
FNDA:0,roleRank
FNDA:0,(anonymous_35)
FNDA:0,(anonymous_36)
FNDA:0,roleRank
FNDA:0,(anonymous_38)
FNDA:0,(anonymous_39)
FNDA:0,(anonymous_40)
FNDA:0,(anonymous_41)
FNDA:0,(anonymous_42)
FNDA:0,(anonymous_43)
FNDA:0,(anonymous_44)
FNDA:1,(anonymous_45)
FNDA:1,formatDateOnly
FNDA:0,(anonymous_47)
FNDA:0,(anonymous_48)
FNDA:0,(anonymous_49)
FNDA:0,(anonymous_50)
FNDA:0,(anonymous_51)
FNDA:0,(anonymous_52)
FNDA:0,(anonymous_53)
FNDA:0,formatDateOnly
FNDA:0,(anonymous_55)
FNDA:0,(anonymous_56)
FNDA:0,updateParentTaskProgress
FNDA:1,createNotification
FNDA:1,(anonymous_59)
FNDA:1,(anonymous_60)
FNDA:0,(anonymous_61)
FNDA:0,(anonymous_62)
FNDA:0,(anonymous_63)
FNDA:1,(anonymous_64)
FNDA:31,(anonymous_65)
FNDA:0,(anonymous_66)
FNDA:0,(anonymous_67)
FNDA:0,(anonymous_68)
FNDA:0,(anonymous_69)
FNDA:0,(anonymous_70)
FNDA:0,(anonymous_71)
FNDA:0,(anonymous_72)
FNDA:0,(anonymous_73)
FNDA:0,(anonymous_74)
FNDA:0,(anonymous_75)
FNDA:0,(anonymous_76)
FNDA:0,(anonymous_77)
FNDA:0,generateAiAnalysis
FNDA:0,generateWorkSuggestions
FNDA:0,generateImprovementAdvice
FNDA:0,(anonymous_81)
FNDA:0,(anonymous_82)
FNDA:0,(anonymous_83)
FNDA:0,(anonymous_84)
FNDA:0,(anonymous_85)
FNDA:0,(anonymous_86)
FNDA:0,(anonymous_87)
FNDA:0,(anonymous_88)
FNDA:0,(anonymous_89)
FNDA:0,(anonymous_90)
FNDA:0,(anonymous_91)
FNDA:0,(anonymous_92)
FNDA:0,startServer
FNDA:0,(anonymous_94)
FNDA:0,(anonymous_95)
FNDA:0,(anonymous_96)
FNDA:0,(anonymous_97)
FNDA:0,(anonymous_98)
FNDA:0,(anonymous_99)
FNDA:0,(anonymous_100)
FNDA:0,(anonymous_101)
FNDA:0,(anonymous_102)
FNDA:0,(anonymous_103)
FNDA:0,(anonymous_104)
FNDA:0,(anonymous_105)
FNDA:0,(anonymous_106)
FNDA:0,(anonymous_107)
FNDA:0,(anonymous_108)
FNDA:0,(anonymous_109)
FNDA:0,(anonymous_110)
FNDA:0,(anonymous_111)
FNDA:0,(anonymous_112)
FNDA:0,analyzePersonalityWithDeepSeek
FNDA:0,analyzePersonalityLocally
FNDA:0,(anonymous_115)
FNDA:0,(anonymous_116)
FNDA:0,(anonymous_117)
FNDA:0,(anonymous_118)
FNDA:0,(anonymous_119)
FNDA:0,getMbtiBasedAdjustments
FNDA:0,getWorkSuggestionsByMbti
FNDA:0,getDefaultPersonalityAnalysis
DA:1,1
DA:2,1
DA:3,1
DA:4,1
DA:5,1
DA:6,1
DA:7,1
DA:8,1
DA:12,1
DA:13,1
DA:16,1
DA:17,1
DA:20,1
DA:21,1
DA:24,1
DA:27,1
DA:30,1
DA:33,1
DA:53,5
DA:57,0
DA:58,0
DA:59,0
DA:61,0
DA:62,0
DA:64,0
DA:66,0
DA:69,0
DA:70,0
DA:73,0
DA:74,0
DA:75,0
DA:76,0
DA:77,0
DA:79,0
DA:80,0
DA:81,0
DA:82,0
DA:83,0
DA:84,0
DA:86,0
DA:91,0
DA:92,0
DA:93,0
DA:94,0
DA:95,0
DA:97,0
DA:98,0
DA:101,0
DA:106,1
DA:107,1
DA:110,1
DA:111,1
DA:112,1
DA:113,1
DA:114,1
DA:116,1
DA:119,1
DA:121,0
DA:122,0
DA:128,1
DA:327,1
DA:328,11
DA:331,1
DA:334,1
DA:339,1
DA:343,1
DA:347,1
DA:348,1
DA:349,1
DA:350,1
DA:351,1
DA:352,1
DA:353,1
DA:354,1
DA:355,1
DA:356,1
DA:357,1
DA:358,1
DA:360,1
DA:361,1
DA:363,1
DA:364,1
DA:365,1
DA:366,1
DA:368,1
DA:369,1
DA:370,1
DA:381,1
DA:382,1
DA:384,0
DA:390,1
DA:392,1
DA:393,1
DA:396,1
DA:402,1
DA:403,3
DA:410,1
DA:446,1
DA:448,24
DA:455,1
DA:468,1
DA:469,10
DA:476,1
DA:565,1
DA:566,5
DA:577,1
DA:635,1
DA:636,5
DA:643,1
DA:645,0
DA:657,0
DA:659,0
DA:660,0
DA:661,0
DA:664,0
DA:666,0
DA:667,0
DA:668,0
DA:669,0
DA:672,0
DA:673,0
DA:674,0
DA:675,0
DA:676,0
DA:679,0
DA:680,0
DA:681,0
DA:685,0
DA:687,0
DA:688,0
DA:689,0
DA:693,0
DA:694,0
DA:695,0
DA:697,0
DA:698,0
DA:699,0
DA:703,0
DA:705,0
DA:706,0
DA:707,0
DA:710,0
DA:711,0
DA:712,0
DA:714,0
DA:717,0
DA:720,0
DA:722,0
DA:729,8
DA:730,8
DA:732,8
DA:733,1
DA:736,7
DA:737,7
DA:738,0
DA:740,7
DA:741,7
DA:747,6
DA:748,0
DA:749,0
DA:751,0
DA:758,1
DA:759,0
DA:763,1
DA:764,0
DA:1076,0
DA:1080,1
DA:1081,0
DA:1082,0
DA:1084,0
DA:1085,0
DA:1088,0
DA:1096,0
DA:1097,0
DA:1100,0
DA:1102,0
DA:1104,0
DA:1105,0
DA:1109,0
DA:1115,0
DA:1122,0
DA:1124,0
DA:1130,0
DA:1131,0
DA:1136,1
DA:1137,0
DA:1138,0
DA:1146,0
DA:1147,0
DA:1150,0
DA:1151,0
DA:1153,0
DA:1155,0
DA:1156,0
DA:1161,1
DA:1162,0
DA:1163,0
DA:1164,0
DA:1166,0
DA:1167,0
DA:1172,1
DA:1173,0
DA:1174,0
DA:1182,0
DA:1185,0
DA:1187,0
DA:1189,0
DA:1191,0
DA:1192,0
DA:1193,0
DA:1195,0
DA:1196,0
DA:1197,0
DA:1199,0
DA:1200,0
DA:1203,0
DA:1205,0
DA:1206,0
DA:1208,0
DA:1209,0
DA:1214,1
DA:1215,0
DA:1216,0
DA:1224,0
DA:1226,0
DA:1227,0
DA:1232,1
DA:1233,0
DA:1234,0
DA:1242,0
DA:1244,0
DA:1245,0
DA:1250,1
DA:1251,0
DA:1252,0
DA:1259,0
DA:1261,0
DA:1262,0
DA:1267,1
DA:1268,0
DA:1269,0
DA:1270,0
DA:1272,0
DA:1277,0
DA:1279,0
DA:1280,0
DA:1285,1
DA:1286,0
DA:1287,0
DA:1288,0
DA:1290,0
DA:1295,0
DA:1297,0
DA:1298,0
DA:1303,1
DA:1304,0
DA:1305,0
DA:1307,0
DA:1308,0
DA:1312,0
DA:1314,0
DA:1316,0
DA:1322,0
DA:1323,0
DA:1324,0
DA:1331,0
DA:1333,0
DA:1340,0
DA:1341,0
DA:1344,0
DA:1345,0
DA:1350,1
DA:1351,0
DA:1352,0
DA:1353,0
DA:1355,0
DA:1360,0
DA:1362,0
DA:1363,0
DA:1368,1
DA:1369,0
DA:1370,0
DA:1372,0
DA:1377,0
DA:1379,0
DA:1380,0
DA:1385,1
DA:1386,1
DA:1387,1
DA:1388,1
DA:1395,1
DA:1398,1
DA:1399,1
DA:1403,1
DA:1407,1
DA:1410,1
DA:1411,0
DA:1412,0
DA:1416,1
DA:1417,0
DA:1418,0
DA:1422,1
DA:1423,0
DA:1424,0
DA:1428,1
DA:1433,1
DA:1436,1
DA:1445,1
DA:1447,0
DA:1448,0
DA:1453,1
DA:1454,0
DA:1455,0
DA:1457,0
DA:1464,0
DA:1467,0
DA:1469,0
DA:1470,0
DA:1473,0
DA:1476,0
DA:1477,0
DA:1478,0
DA:1480,0
DA:1481,0
DA:1486,0
DA:1496,0
DA:1498,0
DA:1499,0
DA:1504,1
DA:1505,3
DA:1518,3
DA:1521,3
DA:1522,1
DA:1524,2
DA:1525,0
DA:1530,2
DA:1531,1
DA:1535,1
DA:1540,1
DA:1541,0
DA:1544,1
DA:1546,1
DA:1548,1
DA:1549,0
DA:1552,1
DA:1555,1
DA:1556,7
DA:1557,4
DA:1561,1
DA:1562,1
DA:1564,1
DA:1591,1
DA:1594,1
DA:1595,0
DA:1598,1
DA:1600,0
DA:1601,0
DA:1606,1
DA:1607,1
DA:1608,1
DA:1609,1
DA:1612,1
DA:1617,1
DA:1618,0
DA:1621,1
DA:1624,1
DA:1629,1
DA:1632,2
DA:1634,0
DA:1636,0
DA:1638,0
DA:1640,0
DA:1643,2
DA:1647,1
DA:1648,1
DA:1649,1
DA:1650,1
DA:1651,1
DA:1653,1
DA:1654,0
DA:1657,1
DA:1658,1
DA:1659,1
DA:1660,1
DA:1662,1
DA:1666,1
DA:1667,0
DA:1669,1
DA:1670,1
DA:1672,1
DA:1680,1
DA:1681,0
DA:1684,0
DA:1685,0
DA:1686,0
DA:1687,0
DA:1691,1
DA:1693,0
DA:1694,0
DA:1699,1
DA:1700,0
DA:1701,0
DA:1716,0
DA:1719,0
DA:1724,0
DA:1725,0
DA:1728,0
DA:1733,0
DA:1734,0
DA:1736,0
DA:1737,0
DA:1738,0
DA:1740,0
DA:1743,0
DA:1746,0
DA:1748,0
DA:1750,0
DA:1753,0
DA:1757,0
DA:1758,0
DA:1759,0
DA:1760,0
DA:1766,0
DA:1767,0
DA:1768,0
DA:1772,0
DA:1773,0
DA:1775,0
DA:1776,0
DA:1777,0
DA:1780,0
DA:1781,0
DA:1782,0
DA:1785,0
DA:1786,0
DA:1787,0
DA:1790,0
DA:1791,0
DA:1792,0
DA:1795,0
DA:1796,0
DA:1797,0
DA:1801,0
DA:1802,0
DA:1803,0
DA:1806,0
DA:1807,0
DA:1808,0
DA:1811,0
DA:1812,0
DA:1813,0
DA:1814,0
DA:1816,0
DA:1817,0
DA:1820,0
DA:1821,0
DA:1822,0
DA:1825,0
DA:1826,0
DA:1827,0
DA:1830,0
DA:1831,0
DA:1832,0
DA:1835,0
DA:1836,0
DA:1837,0
DA:1840,0
DA:1841,0
DA:1842,0
DA:1845,0
DA:1846,0
DA:1847,0
DA:1850,0
DA:1851,0
DA:1854,0
DA:1856,0
DA:1862,0
DA:1863,0
DA:1867,0
DA:1868,0
DA:1872,0
DA:1877,0
DA:1879,0
DA:1880,0
DA:1885,1
DA:1886,0
DA:1887,0
DA:1890,0
DA:1895,0
DA:1896,0
DA:1899,0
DA:1904,0
DA:1906,0
DA:1909,0
DA:1912,0
DA:1913,0
DA:1914,0
DA:1915,0
DA:1916,0
DA:1918,0
DA:1920,0
DA:1924,0
DA:1927,0
DA:1929,0
DA:1931,0
DA:1934,0
DA:1939,0
DA:1942,0
DA:1943,0
DA:1946,0
DA:1947,0
DA:1948,0
DA:1949,0
DA:1951,0
DA:1952,0
DA:1953,0
DA:1954,0
DA:1956,0
DA:1958,0
DA:1960,0
DA:1962,0
DA:1963,0
DA:1964,0
DA:1965,0
DA:1967,0
DA:1970,0
DA:1971,0
DA:1976,0
DA:1978,0
DA:1980,0
DA:1985,0
DA:1986,0
DA:1993,0
DA:1994,0
DA:1996,0
DA:1998,0
DA:1999,0
DA:2001,0
DA:2003,0
DA:2008,0
DA:2009,0
DA:2011,0
DA:2016,0
DA:2018,0
DA:2020,0
DA:2021,0
DA:2026,1
DA:2027,0
DA:2034,0
DA:2037,0
DA:2047,0
DA:2048,0
DA:2052,0
DA:2053,0
DA:2058,0
DA:2059,0
DA:2062,0
DA:2063,0
DA:2067,0
DA:2068,0
DA:2069,0
DA:2075,0
DA:2076,0
DA:2077,0
DA:2082,0
DA:2083,0
DA:2087,0
DA:2088,0
DA:2091,0
DA:2095,0
DA:2100,0
DA:2101,0
DA:2104,0
DA:2105,0
DA:2107,0
DA:2108,0
DA:2112,0
DA:2113,0
DA:2117,0
DA:2119,0
DA:2122,0
DA:2123,0
DA:2124,0
DA:2128,0
DA:2129,0
DA:2130,0
DA:2132,0
DA:2133,0
DA:2134,0
DA:2136,0
DA:2138,0
DA:2143,0
DA:2148,0
DA:2177,0
DA:2180,0
DA:2182,0
DA:2193,0
DA:2194,0
DA:2199,1
DA:2200,0
DA:2201,0
DA:2208,0
DA:2211,0
DA:2216,0
DA:2217,0
DA:2220,0
DA:2223,0
DA:2224,0
DA:2228,0
DA:2229,0
DA:2233,0
DA:2234,0
DA:2238,0
DA:2248,0
DA:2249,0
DA:2253,0
DA:2254,0
DA:2259,0
DA:2260,0
DA:2263,0
DA:2264,0
DA:2268,0
DA:2269,0
DA:2270,0
DA:2276,0
DA:2277,0
DA:2278,0
DA:2283,0
DA:2284,0
DA:2288,0
DA:2289,0
DA:2292,0
DA:2296,0
DA:2301,0
DA:2302,0
DA:2305,0
DA:2306,0
DA:2308,0
DA:2309,0
DA:2313,0
DA:2314,0
DA:2318,0
DA:2319,0
DA:2320,0
DA:2324,0
DA:2325,0
DA:2326,0
DA:2328,0
DA:2329,0
DA:2330,0
DA:2332,0
DA:2334,0
DA:2339,0
DA:2342,0
DA:2366,0
DA:2377,0
DA:2378,0
DA:2383,1
DA:2384,0
DA:2385,0
DA:2386,0
DA:2389,0
DA:2390,0
DA:2394,0
DA:2399,0
DA:2400,0
DA:2403,0
DA:2406,0
DA:2407,0
DA:2411,0
DA:2412,0
DA:2416,0
DA:2417,0
DA:2421,0
DA:2422,0
DA:2423,0
DA:2424,0
DA:2426,0
DA:2434,0
DA:2435,0
DA:2438,0
DA:2448,0
DA:2449,0
DA:2454,1
DA:2455,0
DA:2456,0
DA:2466,0
DA:2468,0
DA:2469,0
DA:2474,1
DA:2475,0
DA:2476,0
DA:2478,0
DA:2483,0
DA:2485,0
DA:2486,0
DA:2491,1
DA:2493,1
DA:2494,1
DA:2495,1
DA:2498,1
DA:2499,0
DA:2502,1
DA:2503,1
DA:2507,1
DA:2508,1
DA:2509,1
DA:2510,1
DA:2511,1
DA:2512,1
DA:2513,1
DA:2515,1
DA:2516,1
DA:2517,1
DA:2518,1
DA:2519,1
DA:2520,1
DA:2521,1
DA:2522,1
DA:2523,1
DA:2524,1
DA:2525,1
DA:2526,1
DA:2527,1
DA:2530,1
DA:2531,1
DA:2532,1
DA:2535,1
DA:2541,1
DA:2547,1
DA:2548,0
DA:2552,0
DA:2553,0
DA:2554,0
DA:2559,0
DA:2566,0
DA:2571,1
DA:2574,1
DA:2575,1
DA:2582,1
DA:2589,1
DA:2591,0
DA:2592,0
DA:2593,0
DA:2595,1
DA:2600,1
DA:2601,0
DA:2602,0
DA:2608,0
DA:2609,0
DA:2617,0
DA:2620,0
DA:2629,0
DA:2631,0
DA:2632,0
DA:2637,1
DA:2638,0
DA:2639,0
DA:2640,0
DA:2644,0
DA:2646,0
DA:2647,0
DA:2652,1
DA:2653,0
DA:2654,0
DA:2657,0
DA:2659,0
DA:2660,0
DA:2665,1
DA:2666,0
DA:2667,0
DA:2668,0
DA:2669,0
DA:2671,0
DA:2672,0
DA:2676,0
DA:2677,0
DA:2678,0
DA:2679,0
DA:2680,0
DA:2681,0
DA:2682,0
DA:2684,0
DA:2685,0
DA:2688,0
DA:2689,0
DA:2690,0
DA:2693,0
DA:2694,0
DA:2695,0
DA:2699,0
DA:2700,0
DA:2701,0
DA:2715,0
DA:2716,0
DA:2718,0
DA:2719,0
DA:2720,0
DA:2722,0
DA:2723,0
DA:2726,0
DA:2727,0
DA:2728,0
DA:2729,0
DA:2730,0
DA:2731,0
DA:2732,0
DA:2737,0
DA:2738,0
DA:2743,0
DA:2745,0
DA:2746,0
DA:2752,0
DA:2758,0
DA:2760,0
DA:2761,0
DA:2762,0
DA:2764,0
DA:2769,1
DA:2770,0
DA:2771,0
DA:2773,0
DA:2775,0
DA:2776,0
DA:2777,0
DA:2781,0
DA:2783,0
DA:2785,0
DA:2786,0
DA:2792,0
DA:2794,0
DA:2799,0
DA:2801,0
DA:2805,0
DA:2806,0
DA:2808,0
DA:2809,0
DA:2810,0
DA:2811,0
DA:2815,0
DA:2816,0
DA:2819,0
DA:2821,0
DA:2831,0
DA:2838,0
DA:2843,0
DA:2844,0
DA:2847,0
DA:2852,1
DA:2853,1
DA:2854,1
DA:2859,0
DA:2866,1
DA:2867,1
DA:2868,1
DA:2870,1
DA:2871,0
DA:2875,1
DA:2876,1
DA:2877,1
DA:2880,1
DA:2906,1
DA:2907,1
DA:2909,1
DA:2919,1
DA:2936,1
DA:2942,1
DA:2945,1
DA:2948,1
DA:2949,31
DA:2950,31
DA:2959,1
DA:2961,1
DA:2962,0
DA:2963,0
DA:2964,0
DA:2965,0
DA:2966,0
DA:2968,0
DA:2969,0
DA:2970,0
DA:2971,0
DA:2972,0
DA:2974,0
DA:2975,0
DA:2976,0
DA:2977,0
DA:2990,0
DA:2993,0
DA:2997,1
DA:2998,0
DA:2999,0
DA:3000,0
DA:3001,0
DA:3002,0
DA:3003,0
DA:3004,0
DA:3005,0
DA:3006,0
DA:3019,0
DA:3024,1
DA:3025,0
DA:3026,0
DA:3027,0
DA:3028,0
DA:3029,0
DA:3042,0
DA:3049,1
DA:3050,1
DA:3051,0
DA:3052,0
DA:3053,0
DA:3054,0
DA:3063,0
DA:3069,1
DA:3071,1
DA:3078,31
DA:3083,0
DA:3084,0
DA:3089,1
DA:3090,0
DA:3091,0
DA:3093,0
DA:3094,0
DA:3098,0
DA:3099,0
DA:3100,0
DA:3103,0
DA:3127,0
DA:3128,0
DA:3130,0
DA:3139,0
DA:3156,0
DA:3162,0
DA:3165,0
DA:3166,0
DA:3167,0
DA:3168,0
DA:3171,0
DA:3174,0
DA:3184,0
DA:3209,0
DA:3210,0
DA:3215,1
DA:3216,0
DA:3217,0
DA:3219,0
DA:3220,0
DA:3224,0
DA:3242,0
DA:3251,0
DA:3262,0
DA:3267,0
DA:3269,0
DA:3271,0
DA:3286,0
DA:3298,0
DA:3299,0
DA:3304,0
DA:3305,0
DA:3313,0
DA:3372,0
DA:3374,0
DA:3396,0
DA:3407,0
DA:3417,1
DA:3418,0
DA:3425,0
DA:3428,0
DA:3429,0
DA:3433,0
DA:3434,0
DA:3437,0
DA:3438,0
DA:3442,0
DA:3443,0
DA:3447,0
DA:3448,0
DA:3449,0
DA:3450,0
DA:3455,0
DA:3456,0
DA:3459,0
DA:3460,0
DA:3463,0
DA:3464,0
DA:3468,0
DA:3469,0
DA:3470,0
DA:3471,0
DA:3472,0
DA:3473,0
DA:3477,0
DA:3478,0
DA:3482,0
DA:3483,0
DA:3484,0
DA:3487,0
DA:3488,0
DA:3489,0
DA:3491,0
DA:3509,0
DA:3513,0
DA:3523,0
DA:3526,0
DA:3533,0
DA:3534,0
DA:3535,0
DA:3536,0
DA:3545,1
DA:3546,0
DA:3547,0
DA:3548,0
DA:3549,0
DA:3551,0
DA:3556,0
DA:3558,0
DA:3559,0
DA:3560,0
DA:3564,0
DA:3565,0
DA:3566,0
DA:3568,0
DA:3571,0
DA:3572,0
DA:3573,0
DA:3574,0
DA:3575,0
DA:3577,0
DA:3579,0
DA:3586,0
DA:3587,0
DA:3592,1
DA:3593,0
DA:3594,0
DA:3596,0
DA:3604,0
DA:3605,0
DA:3608,0
DA:3611,0
DA:3612,0
DA:3613,0
DA:3614,0
DA:3615,0
DA:3616,0
DA:3618,0
DA:3619,0
DA:3623,0
DA:3624,0
DA:3626,0
DA:3627,0
DA:3631,0
DA:3632,0
DA:3633,0
DA:3635,0
DA:3636,0
DA:3640,0
DA:3642,0
DA:3643,0
DA:3648,1
DA:3649,0
DA:3650,0
DA:3651,0
DA:3653,0
DA:3659,0
DA:3660,0
DA:3663,0
DA:3666,0
DA:3667,0
DA:3668,0
DA:3669,0
DA:3670,0
DA:3671,0
DA:3673,0
DA:3674,0
DA:3677,0
DA:3679,0
DA:3680,0
DA:3685,1
DA:3686,0
DA:3687,0
DA:3688,0
DA:3689,0
DA:3692,0
DA:3698,0
DA:3699,0
DA:3703,0
DA:3704,0
DA:3706,0
DA:3707,0
DA:3708,0
DA:3710,0
DA:3711,0
DA:3712,0
DA:3714,0
DA:3715,0
DA:3716,0
DA:3718,0
DA:3719,0
DA:3720,0
DA:3722,0
DA:3723,0
DA:3724,0
DA:3726,0
DA:3727,0
DA:3728,0
DA:3730,0
DA:3731,0
DA:3732,0
DA:3734,0
DA:3735,0
DA:3736,0
DA:3739,0
DA:3740,0
DA:3743,0
DA:3744,0
DA:3746,0
DA:3753,0
DA:3766,0
DA:3768,0
DA:3769,0
DA:3774,1
DA:3775,0
DA:3776,0
DA:3777,0
DA:3779,0
DA:3785,0
DA:3786,0
DA:3790,0
DA:3803,0
DA:3805,0
DA:3806,0
DA:3811,1
DA:3812,0
DA:3814,0
DA:3815,0
DA:3818,0
DA:3831,0
DA:3833,0
DA:3834,0
DA:3840,0
DA:3842,0
DA:3843,0
DA:3844,0
DA:3847,0
DA:3848,0
DA:3849,0
DA:3850,0
DA:3851,0
DA:3852,0
DA:3853,0
DA:3854,0
DA:3855,0
DA:3856,0
DA:3857,0
DA:3858,0
DA:3859,0
DA:3860,0
DA:3861,0
DA:3865,1
DA:3866,0
DA:3869,1
DA:3874,1
DA:3875,0
DA:3876,0
DA:3877,0
DA:3878,0
DA:3882,0
DA:3883,0
DA:3884,0
DA:3885,0
DA:3886,0
DA:3888,0
DA:3889,0
DA:3890,0
DA:3894,0
DA:3895,0
DA:3897,0
DA:3902,0
DA:3903,0
DA:3908,1
DA:3909,0
DA:3910,0
DA:3911,0
DA:3915,0
DA:3927,0
DA:3930,0
DA:3931,0
DA:3945,0
DA:3946,0
DA:3949,0
DA:3950,0
DA:3954,0
DA:3955,0
DA:3956,0
DA:3959,0
DA:3960,0
DA:3964,0
DA:3965,0
DA:3967,0
DA:3968,0
DA:3971,0
DA:3972,0
DA:3973,0
DA:3975,0
DA:3976,0
DA:3977,0
DA:3980,0
DA:3981,0
DA:3983,0
DA:3985,0
DA:3986,0
DA:3993,1
DA:3994,0
DA:3995,0
DA:3996,0
DA:3999,0
DA:4001,0
DA:4008,0
DA:4015,0
DA:4016,0
DA:4019,0
DA:4020,0
DA:4035,0
DA:4037,0
DA:4038,0
DA:4043,1
DA:4044,0
DA:4045,0
DA:4046,0
DA:4054,0
DA:4064,0
DA:4066,0
DA:4067,0
DA:4072,1
DA:4073,0
DA:4074,0
DA:4075,0
DA:4078,0
DA:4081,0
DA:4082,0
DA:4084,0
DA:4086,0
DA:4091,0
DA:4093,0
DA:4094,0
DA:4095,0
DA:4097,0
DA:4101,0
DA:4102,0
DA:4103,0
DA:4107,0
DA:4108,0
DA:4112,0
DA:4114,0
DA:4128,0
DA:4142,0
DA:4144,0
DA:4145,0
DA:4150,1
DA:4151,0
DA:4152,0
DA:4153,0
DA:4161,0
DA:4176,0
DA:4178,0
DA:4179,0
DA:4187,0
DA:4229,0
DA:4230,0
DA:4252,0
DA:4255,0
DA:4256,0
DA:4257,0
DA:4258,0
DA:4260,0
DA:4266,0
DA:4270,0
DA:4276,0
DA:4277,0
DA:4287,0
DA:4290,0
DA:4291,0
DA:4294,0
DA:4295,0
DA:4298,0
DA:4299,0
DA:4302,0
DA:4303,0
DA:4306,0
DA:4307,0
DA:4310,0
DA:4312,0
DA:4338,0
DA:4352,0
DA:4355,0
DA:4363,0
DA:4372,0
DA:4400,0
DA:4410,0
LF:1300
LH:266
BRDA:13,0,0,1
BRDA:13,0,1,0
BRDA:17,1,0,1
BRDA:17,1,1,0
BRDA:34,2,0,1
BRDA:34,2,1,0
BRDA:35,3,0,1
BRDA:35,3,1,0
BRDA:36,4,0,1
BRDA:36,4,1,0
BRDA:37,5,0,1
BRDA:37,5,1,0
BRDA:38,6,0,1
BRDA:38,6,1,0
BRDA:53,7,0,5
BRDA:53,7,1,0
BRDA:57,8,0,0
BRDA:57,8,1,0
BRDA:59,9,0,0
BRDA:59,9,1,0
BRDA:61,10,0,0
BRDA:61,10,1,0
BRDA:69,11,0,0
BRDA:69,11,1,0
BRDA:74,12,0,0
BRDA:74,12,1,0
BRDA:91,13,0,0
BRDA:91,13,1,0
BRDA:92,14,0,0
BRDA:92,14,1,0
BRDA:93,15,0,0
BRDA:93,15,1,0
BRDA:393,16,0,0
BRDA:393,16,1,1
BRDA:572,17,0,5
BRDA:572,17,1,4
BRDA:659,18,0,0
BRDA:659,18,1,0
BRDA:667,19,0,0
BRDA:667,19,1,0
BRDA:679,20,0,0
BRDA:679,20,1,0
BRDA:679,21,0,0
BRDA:679,21,1,0
BRDA:685,22,0,0
BRDA:685,22,1,0
BRDA:685,23,0,0
BRDA:685,23,1,0
BRDA:688,24,0,0
BRDA:688,24,1,0
BRDA:693,25,0,0
BRDA:693,25,1,0
BRDA:693,26,0,0
BRDA:693,26,1,0
BRDA:697,27,0,0
BRDA:697,27,1,0
BRDA:697,28,0,0
BRDA:697,28,1,0
BRDA:703,29,0,0
BRDA:703,29,1,0
BRDA:703,30,0,0
BRDA:703,30,1,0
BRDA:703,30,2,0
BRDA:710,31,0,0
BRDA:710,31,1,0
BRDA:710,32,0,0
BRDA:710,32,1,0
BRDA:730,33,0,8
BRDA:730,33,1,7
BRDA:732,34,0,1
BRDA:732,34,1,7
BRDA:736,35,0,7
BRDA:736,35,1,0
BRDA:737,36,0,0
BRDA:737,36,1,7
BRDA:748,37,0,0
BRDA:748,37,1,0
BRDA:748,38,0,0
BRDA:748,38,1,0
BRDA:1084,39,0,0
BRDA:1084,39,1,0
BRDA:1084,40,0,0
BRDA:1084,40,1,0
BRDA:1096,41,0,0
BRDA:1096,41,1,0
BRDA:1104,42,0,0
BRDA:1104,42,1,0
BRDA:1117,43,0,0
BRDA:1117,43,1,0
BRDA:1146,44,0,0
BRDA:1146,44,1,0
BRDA:1185,45,0,0
BRDA:1185,45,1,0
BRDA:1187,46,0,0
BRDA:1187,46,1,0
BRDA:1189,47,0,0
BRDA:1189,47,1,0
BRDA:1193,48,0,0
BRDA:1193,48,1,0
BRDA:1197,49,0,0
BRDA:1197,49,1,0
BRDA:1307,50,0,0
BRDA:1307,50,1,0
BRDA:1322,51,0,0
BRDA:1322,51,1,0
BRDA:1410,52,0,0
BRDA:1410,52,1,1
BRDA:1410,53,0,1
BRDA:1410,53,1,0
BRDA:1416,54,0,0
BRDA:1416,54,1,1
BRDA:1422,55,0,0
BRDA:1422,55,1,1
BRDA:1469,56,0,0
BRDA:1469,56,1,0
BRDA:1476,57,0,0
BRDA:1476,57,1,0
BRDA:1480,58,0,0
BRDA:1480,58,1,0
BRDA:1480,59,0,0
BRDA:1480,59,1,0
BRDA:1521,60,0,1
BRDA:1521,60,1,2
BRDA:1521,61,0,3
BRDA:1521,61,1,2
BRDA:1524,62,0,0
BRDA:1524,62,1,2
BRDA:1530,63,0,1
BRDA:1530,63,1,1
BRDA:1540,64,0,0
BRDA:1540,64,1,1
BRDA:1546,65,0,1
BRDA:1546,65,1,0
BRDA:1548,66,0,0
BRDA:1548,66,1,1
BRDA:1556,67,0,3
BRDA:1556,67,1,4
BRDA:1556,68,0,7
BRDA:1556,68,1,4
BRDA:1561,69,0,0
BRDA:1561,69,1,1
BRDA:1562,70,0,1
BRDA:1562,70,1,1
BRDA:1578,71,0,1
BRDA:1578,71,1,0
BRDA:1584,72,0,1
BRDA:1584,72,1,1
BRDA:1594,73,0,0
BRDA:1594,73,1,1
BRDA:1617,74,0,0
BRDA:1617,74,1,1
BRDA:1629,75,0,1
BRDA:1629,75,1,0
BRDA:1632,76,0,0
BRDA:1632,76,1,0
BRDA:1632,76,2,0
BRDA:1632,76,3,0
BRDA:1632,76,4,1
BRDA:1632,76,5,2
BRDA:1649,77,0,1
BRDA:1649,77,1,1
BRDA:1650,78,0,1
BRDA:1650,78,1,1
BRDA:1651,79,0,1
BRDA:1651,79,1,1
BRDA:1653,80,0,0
BRDA:1653,80,1,1
BRDA:1653,81,0,1
BRDA:1653,81,1,0
BRDA:1653,81,2,0
BRDA:1653,81,3,0
BRDA:1653,81,4,0
BRDA:1658,82,0,1
BRDA:1658,82,1,0
BRDA:1659,83,0,0
BRDA:1659,83,1,1
BRDA:1660,84,0,0
BRDA:1660,84,1,1
BRDA:1662,85,0,1
BRDA:1662,85,1,0
BRDA:1664,86,0,0
BRDA:1664,86,1,0
BRDA:1666,87,0,0
BRDA:1666,87,1,1
BRDA:1666,88,0,1
BRDA:1666,88,1,0
BRDA:1669,89,0,1
BRDA:1669,89,1,1
BRDA:1670,90,0,1
BRDA:1670,90,1,1
BRDA:1680,91,0,0
BRDA:1680,91,1,1
BRDA:1685,92,0,0
BRDA:1685,92,1,0
BRDA:1724,93,0,0
BRDA:1724,93,1,0
BRDA:1733,94,0,0
BRDA:1733,94,1,0
BRDA:1734,95,0,0
BRDA:1734,95,1,0
BRDA:1737,96,0,0
BRDA:1737,96,1,0
BRDA:1743,97,0,0
BRDA:1743,97,1,0
BRDA:1743,97,2,0
BRDA:1743,97,3,0
BRDA:1743,97,4,0
BRDA:1743,97,5,0
BRDA:1758,98,0,0
BRDA:1758,98,1,0
BRDA:1759,99,0,0
BRDA:1759,99,1,0
BRDA:1767,100,0,0
BRDA:1767,100,1,0
BRDA:1767,101,0,0
BRDA:1767,101,1,0
BRDA:1767,101,2,0
BRDA:1775,102,0,0
BRDA:1775,102,1,0
BRDA:1780,103,0,0
BRDA:1780,103,1,0
BRDA:1785,104,0,0
BRDA:1785,104,1,0
BRDA:1790,105,0,0
BRDA:1790,105,1,0
BRDA:1795,106,0,0
BRDA:1795,106,1,0
BRDA:1801,107,0,0
BRDA:1801,107,1,0
BRDA:1806,108,0,0
BRDA:1806,108,1,0
BRDA:1811,109,0,0
BRDA:1811,109,1,0
BRDA:1814,110,0,0
BRDA:1814,110,1,0
BRDA:1820,111,0,0
BRDA:1820,111,1,0
BRDA:1825,112,0,0
BRDA:1825,112,1,0
BRDA:1830,113,0,0
BRDA:1830,113,1,0
BRDA:1835,114,0,0
BRDA:1835,114,1,0
BRDA:1840,115,0,0
BRDA:1840,115,1,0
BRDA:1845,116,0,0
BRDA:1845,116,1,0
BRDA:1850,117,0,0
BRDA:1850,117,1,0
BRDA:1862,118,0,0
BRDA:1862,118,1,0
BRDA:1862,119,0,0
BRDA:1862,119,1,0
BRDA:1862,119,2,0
BRDA:1867,120,0,0
BRDA:1867,120,1,0
BRDA:1867,121,0,0
BRDA:1867,121,1,0
BRDA:1877,122,0,0
BRDA:1877,122,1,0
BRDA:1895,123,0,0
BRDA:1895,123,1,0
BRDA:1904,124,0,0
BRDA:1904,124,1,0
BRDA:1913,125,0,0
BRDA:1913,125,1,0
BRDA:1913,126,0,0
BRDA:1913,126,1,0
BRDA:1913,126,2,0
BRDA:1916,127,0,0
BRDA:1916,127,1,0
BRDA:1924,128,0,0
BRDA:1924,128,1,0
BRDA:1924,128,2,0
BRDA:1924,128,3,0
BRDA:1924,128,4,0
BRDA:1924,128,5,0
BRDA:1942,129,0,0
BRDA:1942,129,1,0
BRDA:1942,129,2,0
BRDA:1943,130,0,0
BRDA:1943,130,1,0
BRDA:1947,131,0,0
BRDA:1947,131,1,0
BRDA:1951,132,0,0
BRDA:1951,132,1,0
BRDA:1951,132,2,0
BRDA:1952,133,0,0
BRDA:1952,133,1,0
BRDA:1956,134,0,0
BRDA:1956,134,1,0
BRDA:1964,135,0,0
BRDA:1964,135,1,0
BRDA:1964,136,0,0
BRDA:1964,136,1,0
BRDA:1976,137,0,0
BRDA:1976,137,1,0
BRDA:1976,137,2,0
BRDA:1985,138,0,0
BRDA:1985,138,1,0
BRDA:1985,139,0,0
BRDA:1985,139,1,0
BRDA:1985,139,2,0
BRDA:2047,140,0,0
BRDA:2047,140,1,0
BRDA:2047,141,0,0
BRDA:2047,141,1,0
BRDA:2052,142,0,0
BRDA:2052,142,1,0
BRDA:2058,143,0,0
BRDA:2058,143,1,0
BRDA:2062,144,0,0
BRDA:2062,144,1,0
BRDA:2062,145,0,0
BRDA:2062,145,1,0
BRDA:2068,146,0,0
BRDA:2068,146,1,0
BRDA:2068,147,0,0
BRDA:2068,147,1,0
BRDA:2076,148,0,0
BRDA:2076,148,1,0
BRDA:2082,149,0,0
BRDA:2082,149,1,0
BRDA:2087,150,0,0
BRDA:2087,150,1,0
BRDA:2100,151,0,0
BRDA:2100,151,1,0
BRDA:2107,152,0,0
BRDA:2107,152,1,0
BRDA:2112,153,0,0
BRDA:2112,153,1,0
BRDA:2123,154,0,0
BRDA:2123,154,1,0
BRDA:2123,155,0,0
BRDA:2123,155,1,0
BRDA:2129,156,0,0
BRDA:2129,156,1,0
BRDA:2133,157,0,0
BRDA:2133,157,1,0
BRDA:2143,158,0,0
BRDA:2143,158,1,0
BRDA:2177,159,0,0
BRDA:2177,159,1,0
BRDA:2177,160,0,0
BRDA:2177,160,1,0
BRDA:2216,161,0,0
BRDA:2216,161,1,0
BRDA:2223,162,0,0
BRDA:2223,162,1,0
BRDA:2228,163,0,0
BRDA:2228,163,1,0
BRDA:2228,164,0,0
BRDA:2228,164,1,0
BRDA:2233,165,0,0
BRDA:2233,165,1,0
BRDA:2233,166,0,0
BRDA:2233,166,1,0
BRDA:2248,167,0,0
BRDA:2248,167,1,0
BRDA:2248,168,0,0
BRDA:2248,168,1,0
BRDA:2253,169,0,0
BRDA:2253,169,1,0
BRDA:2259,170,0,0
BRDA:2259,170,1,0
BRDA:2263,171,0,0
BRDA:2263,171,1,0
BRDA:2263,172,0,0
BRDA:2263,172,1,0
BRDA:2269,173,0,0
BRDA:2269,173,1,0
BRDA:2269,174,0,0
BRDA:2269,174,1,0
BRDA:2277,175,0,0
BRDA:2277,175,1,0
BRDA:2283,176,0,0
BRDA:2283,176,1,0
BRDA:2288,177,0,0
BRDA:2288,177,1,0
BRDA:2301,178,0,0
BRDA:2301,178,1,0
BRDA:2308,179,0,0
BRDA:2308,179,1,0
BRDA:2313,180,0,0
BRDA:2313,180,1,0
BRDA:2319,181,0,0
BRDA:2319,181,1,0
BRDA:2319,182,0,0
BRDA:2319,182,1,0
BRDA:2325,183,0,0
BRDA:2325,183,1,0
BRDA:2329,184,0,0
BRDA:2329,184,1,0
BRDA:2389,185,0,0
BRDA:2389,185,1,0
BRDA:2389,186,0,0
BRDA:2389,186,1,0
BRDA:2399,187,0,0
BRDA:2399,187,1,0
BRDA:2406,188,0,0
BRDA:2406,188,1,0
BRDA:2411,189,0,0
BRDA:2411,189,1,0
BRDA:2416,190,0,0
BRDA:2416,190,1,0
BRDA:2421,191,0,0
BRDA:2421,191,1,0
BRDA:2423,192,0,0
BRDA:2423,192,1,0
BRDA:2434,193,0,0
BRDA:2434,193,1,0
BRDA:2436,194,0,0
BRDA:2436,194,1,0
BRDA:2494,195,0,0
BRDA:2494,195,1,1
BRDA:2494,196,0,1
BRDA:2494,196,1,1
BRDA:2495,197,0,0
BRDA:2495,197,1,1
BRDA:2495,198,0,1
BRDA:2495,198,1,1
BRDA:2495,199,0,1
BRDA:2495,199,1,1
BRDA:2498,200,0,0
BRDA:2498,200,1,1
BRDA:2498,201,0,1
BRDA:2498,201,1,1
BRDA:2498,201,2,1
BRDA:2507,202,0,0
BRDA:2507,202,1,1
BRDA:2509,203,0,0
BRDA:2509,203,1,1
BRDA:2516,204,0,1
BRDA:2516,204,1,0
BRDA:2518,205,0,0
BRDA:2518,205,1,1
BRDA:2518,206,0,1
BRDA:2518,206,1,0
BRDA:2519,207,0,1
BRDA:2519,207,1,0
BRDA:2520,208,0,1
BRDA:2520,208,1,1
BRDA:2521,209,0,0
BRDA:2521,209,1,1
BRDA:2521,210,0,1
BRDA:2521,210,1,1
BRDA:2522,211,0,1
BRDA:2522,211,1,1
BRDA:2523,212,0,1
BRDA:2523,212,1,1
BRDA:2525,213,0,1
BRDA:2525,213,1,1
BRDA:2527,214,0,1
BRDA:2527,214,1,1
BRDA:2547,215,0,0
BRDA:2547,215,1,1
BRDA:2547,216,0,1
BRDA:2547,216,1,1
BRDA:2553,217,0,0
BRDA:2553,217,1,0
BRDA:2553,218,0,0
BRDA:2553,218,1,0
BRDA:2556,219,0,0
BRDA:2556,219,1,0
BRDA:2557,220,0,0
BRDA:2557,220,1,0
BRDA:2591,221,0,0
BRDA:2591,221,1,0
BRDA:2595,222,0,1
BRDA:2595,222,1,0
BRDA:2668,223,0,0
BRDA:2668,223,1,0
BRDA:2668,224,0,0
BRDA:2668,224,1,0
BRDA:2669,225,0,0
BRDA:2669,225,1,0
BRDA:2669,226,0,0
BRDA:2669,226,1,0
BRDA:2669,227,0,0
BRDA:2669,227,1,0
BRDA:2671,228,0,0
BRDA:2671,228,1,0
BRDA:2671,229,0,0
BRDA:2671,229,1,0
BRDA:2671,229,2,0
BRDA:2676,230,0,0
BRDA:2676,230,1,0
BRDA:2678,231,0,0
BRDA:2678,231,1,0
BRDA:2684,232,0,0
BRDA:2684,232,1,0
BRDA:2684,233,0,0
BRDA:2684,233,1,0
BRDA:2685,234,0,0
BRDA:2685,234,1,0
BRDA:2685,235,0,0
BRDA:2685,235,1,0
BRDA:2694,236,0,0
BRDA:2694,236,1,0
BRDA:2703,237,0,0
BRDA:2703,237,1,0
BRDA:2705,238,0,0
BRDA:2705,238,1,0
BRDA:2706,239,0,0
BRDA:2706,239,1,0
BRDA:2707,240,0,0
BRDA:2707,240,1,0
BRDA:2709,241,0,0
BRDA:2709,241,1,0
BRDA:2710,242,0,0
BRDA:2710,242,1,0
BRDA:2711,243,0,0
BRDA:2711,243,1,0
BRDA:2712,244,0,0
BRDA:2712,244,1,0
BRDA:2713,245,0,0
BRDA:2713,245,1,0
BRDA:2715,246,0,0
BRDA:2715,246,1,0
BRDA:2727,247,0,0
BRDA:2727,247,1,0
BRDA:2727,248,0,0
BRDA:2727,248,1,0
BRDA:2729,249,0,0
BRDA:2729,249,1,0
BRDA:2731,250,0,0
BRDA:2731,250,1,0
BRDA:2731,251,0,0
BRDA:2731,251,1,0
BRDA:2734,252,0,0
BRDA:2734,252,1,0
BRDA:2735,253,0,0
BRDA:2735,253,1,0
BRDA:2760,254,0,0
BRDA:2760,254,1,0
BRDA:2764,255,0,0
BRDA:2764,255,1,0
BRDA:2776,256,0,0
BRDA:2776,256,1,0
BRDA:2799,257,0,0
BRDA:2799,257,1,0
BRDA:2809,258,0,0
BRDA:2809,258,1,0
BRDA:2810,259,0,0
BRDA:2810,259,1,0
BRDA:2819,260,0,0
BRDA:2819,260,1,0
BRDA:2843,261,0,0
BRDA:2843,261,1,0
BRDA:2843,262,0,0
BRDA:2843,262,1,0
BRDA:2870,263,0,0
BRDA:2870,263,1,1
BRDA:2870,264,0,1
BRDA:2870,264,1,1
BRDA:2961,265,0,0
BRDA:2961,265,1,1
BRDA:2961,266,0,1
BRDA:2961,266,1,0
BRDA:2974,267,0,0
BRDA:2974,267,1,0
BRDA:2976,268,0,0
BRDA:2976,268,1,0
BRDA:2997,269,0,0
BRDA:2997,269,1,1
BRDA:3003,270,0,0
BRDA:3003,270,1,0
BRDA:3005,271,0,0
BRDA:3005,271,1,0
BRDA:3024,272,0,0
BRDA:3024,272,1,1
BRDA:3026,273,0,0
BRDA:3026,273,1,0
BRDA:3028,274,0,0
BRDA:3028,274,1,0
BRDA:3050,275,0,0
BRDA:3050,275,1,1
BRDA:3053,276,0,0
BRDA:3053,276,1,0
BRDA:3093,277,0,0
BRDA:3093,277,1,0
BRDA:3093,278,0,0
BRDA:3093,278,1,0
BRDA:3093,278,2,0
BRDA:3219,279,0,0
BRDA:3219,279,1,0
BRDA:3372,280,0,0
BRDA:3372,280,1,0
BRDA:3397,281,0,0
BRDA:3397,281,1,0
BRDA:3398,282,0,0
BRDA:3398,282,1,0
BRDA:3399,283,0,0
BRDA:3399,283,1,0
BRDA:3401,284,0,0
BRDA:3401,284,1,0
BRDA:3402,285,0,0
BRDA:3402,285,1,0
BRDA:3408,286,0,0
BRDA:3408,286,1,0
BRDA:3409,287,0,0
BRDA:3409,287,1,0
BRDA:3410,288,0,0
BRDA:3410,288,1,0
BRDA:3424,289,0,0
BRDA:3428,290,0,0
BRDA:3428,290,1,0
BRDA:3428,291,0,0
BRDA:3428,291,1,0
BRDA:3428,291,2,0
BRDA:3433,292,0,0
BRDA:3433,292,1,0
BRDA:3434,293,0,0
BRDA:3434,293,1,0
BRDA:3437,294,0,0
BRDA:3437,294,1,0
BRDA:3442,295,0,0
BRDA:3442,295,1,0
BRDA:3442,296,0,0
BRDA:3442,296,1,0
BRDA:3449,297,0,0
BRDA:3449,297,1,0
BRDA:3449,298,0,0
BRDA:3449,298,1,0
BRDA:3455,299,0,0
BRDA:3455,299,1,0
BRDA:3455,300,0,0
BRDA:3455,300,1,0
BRDA:3463,301,0,0
BRDA:3463,301,1,0
BRDA:3470,302,0,0
BRDA:3470,302,1,0
BRDA:3477,303,0,0
BRDA:3477,303,1,0
BRDA:3487,304,0,0
BRDA:3487,304,1,0
BRDA:3488,305,0,0
BRDA:3488,305,1,0
BRDA:3489,306,0,0
BRDA:3489,306,1,0
BRDA:3498,307,0,0
BRDA:3498,307,1,0
BRDA:3499,308,0,0
BRDA:3499,308,1,0
BRDA:3500,309,0,0
BRDA:3500,309,1,0
BRDA:3501,310,0,0
BRDA:3501,310,1,0
BRDA:3502,311,0,0
BRDA:3502,311,1,0
BRDA:3503,312,0,0
BRDA:3503,312,1,0
BRDA:3504,313,0,0
BRDA:3504,313,1,0
BRDA:3505,314,0,0
BRDA:3505,314,1,0
BRDA:3506,315,0,0
BRDA:3506,315,1,0
BRDA:3507,316,0,0
BRDA:3507,316,1,0
BRDA:3508,317,0,0
BRDA:3508,317,1,0
BRDA:3509,318,0,0
BRDA:3509,318,1,0
BRDA:3518,319,0,0
BRDA:3518,319,1,0
BRDA:3519,320,0,0
BRDA:3519,320,1,0
BRDA:3521,321,0,0
BRDA:3521,321,1,0
BRDA:3523,322,0,0
BRDA:3523,322,1,0
BRDA:3539,323,0,0
BRDA:3539,323,1,0
BRDA:3548,324,0,0
BRDA:3548,325,0,0
BRDA:3558,326,0,0
BRDA:3558,326,1,0
BRDA:3564,327,0,0
BRDA:3564,327,1,0
BRDA:3565,328,0,0
BRDA:3565,328,1,0
BRDA:3573,329,0,0
BRDA:3573,329,1,0
BRDA:3604,330,0,0
BRDA:3604,330,1,0
BRDA:3615,331,0,0
BRDA:3615,331,1,0
BRDA:3618,332,0,0
BRDA:3618,332,1,0
BRDA:3623,333,0,0
BRDA:3623,333,1,0
BRDA:3624,334,0,0
BRDA:3624,334,1,0
BRDA:3626,335,0,0
BRDA:3626,335,1,0
BRDA:3626,336,0,0
BRDA:3626,336,1,0
BRDA:3631,337,0,0
BRDA:3631,337,1,0
BRDA:3631,338,0,0
BRDA:3631,338,1,0
BRDA:3632,339,0,0
BRDA:3632,339,1,0
BRDA:3635,340,0,0
BRDA:3635,340,1,0
BRDA:3659,341,0,0
BRDA:3659,341,1,0
BRDA:3670,342,0,0
BRDA:3670,342,1,0
BRDA:3673,343,0,0
BRDA:3673,343,1,0
BRDA:3698,344,0,0
BRDA:3698,344,1,0
BRDA:3706,345,0,0
BRDA:3706,345,1,0
BRDA:3710,346,0,0
BRDA:3710,346,1,0
BRDA:3714,347,0,0
BRDA:3714,347,1,0
BRDA:3718,348,0,0
BRDA:3718,348,1,0
BRDA:3722,349,0,0
BRDA:3722,349,1,0
BRDA:3726,350,0,0
BRDA:3726,350,1,0
BRDA:3730,351,0,0
BRDA:3730,351,1,0
BRDA:3734,352,0,0
BRDA:3734,352,1,0
BRDA:3739,353,0,0
BRDA:3739,353,1,0
BRDA:3785,354,0,0
BRDA:3785,354,1,0
BRDA:3814,355,0,0
BRDA:3814,355,1,0
BRDA:3842,356,0,0
BRDA:3842,356,1,0
BRDA:3865,357,0,0
BRDA:3865,357,1,1
BRDA:3876,358,0,0
BRDA:3876,359,0,0
BRDA:3876,359,1,0
BRDA:3877,360,0,0
BRDA:3877,360,1,0
BRDA:3877,361,0,0
BRDA:3877,361,1,0
BRDA:3883,362,0,0
BRDA:3883,362,1,0
BRDA:3886,363,0,0
BRDA:3886,363,1,0
BRDA:3894,364,0,0
BRDA:3894,364,1,0
BRDA:3895,365,0,0
BRDA:3895,365,1,0
BRDA:3910,366,0,0
BRDA:3930,367,0,0
BRDA:3930,367,1,0
BRDA:3930,368,0,0
BRDA:3930,368,1,0
BRDA:3945,369,0,0
BRDA:3945,369,1,0
BRDA:3949,370,0,0
BRDA:3949,370,1,0
BRDA:3949,371,0,0
BRDA:3949,371,1,0
BRDA:3955,372,0,0
BRDA:3955,372,1,0
BRDA:3955,373,0,0
BRDA:3955,373,1,0
BRDA:3959,374,0,0
BRDA:3959,374,1,0
BRDA:3959,375,0,0
BRDA:3959,375,1,0
BRDA:3965,376,0,0
BRDA:3965,376,1,0
BRDA:3967,377,0,0
BRDA:3967,377,1,0
BRDA:3973,378,0,0
BRDA:3973,378,1,0
BRDA:3980,379,0,0
BRDA:3980,379,1,0
BRDA:3981,380,0,0
BRDA:3981,380,1,0
BRDA:3999,381,0,0
BRDA:3999,381,1,0
BRDA:4004,382,0,0
BRDA:4004,382,1,0
BRDA:4015,383,0,0
BRDA:4015,383,1,0
BRDA:4081,384,0,0
BRDA:4081,384,1,0
BRDA:4086,385,0,0
BRDA:4086,385,1,0
BRDA:4086,385,2,0
BRDA:4086,385,3,0
BRDA:4091,386,0,0
BRDA:4091,386,1,0
BRDA:4112,387,0,0
BRDA:4112,387,1,0
BRDA:4123,388,0,0
BRDA:4123,388,1,0
BRDA:4173,389,0,0
BRDA:4173,389,1,0
BRDA:4192,390,0,0
BRDA:4192,390,1,0
BRDA:4257,391,0,0
BRDA:4257,391,1,0
BRDA:4272,392,0,0
BRDA:4272,392,1,0
BRDA:4320,393,0,0
BRDA:4320,393,1,0
BRDA:4340,394,0,0
BRDA:4340,394,1,0
BRDA:4340,395,0,0
BRDA:4340,395,1,0
BRDA:4342,396,0,0
BRDA:4342,396,1,0
BRDA:4342,397,0,0
BRDA:4342,397,1,0
BRDA:4344,398,0,0
BRDA:4344,398,1,0
BRDA:4344,399,0,0
BRDA:4344,399,1,0
BRDA:4346,400,0,0
BRDA:4346,400,1,0
BRDA:4346,401,0,0
BRDA:4346,401,1,0
BRDA:4348,402,0,0
BRDA:4348,402,1,0
BRDA:4348,403,0,0
BRDA:4348,403,1,0
BRDA:4356,404,0,0
BRDA:4356,404,1,0
BRDA:4356,405,0,0
BRDA:4356,405,1,0
BRDA:4357,406,0,0
BRDA:4357,406,1,0
BRDA:4357,407,0,0
BRDA:4357,407,1,0
BRDA:4358,408,0,0
BRDA:4358,408,1,0
BRDA:4358,409,0,0
BRDA:4358,409,1,0
BRDA:4359,410,0,0
BRDA:4359,410,1,0
BRDA:4359,411,0,0
BRDA:4359,411,1,0
BRDA:4360,412,0,0
BRDA:4360,412,1,0
BRDA:4360,413,0,0
BRDA:4360,413,1,0
BRDA:4400,414,0,0
BRDA:4400,414,1,0
BRF:854
BRH:109
end_of_record
