TN:
TN:
TN:
TN:
TN:
TN:
TN:
TN:
TN:
TN:
TN:
TN:
TN:
TN:
TN:
TN:
TN:
TN:
TN:
TN:
TN:
TN:
SF:taskProcessor.js
FN:2,processTaskData
FN:3,(anonymous_1)
FN:11,filterTasksByStatus
FN:12,(anonymous_3)
FN:15,sortTasksByDate
FN:16,(anonymous_5)
FN:23,calculateTaskStats
FN:25,(anonymous_7)
FN:26,(anonymous_8)
FN:27,(anonymous_9)
FNF:10
FNH:10
FNDA:1,processTaskData
FNDA:4,(anonymous_1)
FNDA:3,filterTasksByStatus
FNDA:8,(anonymous_3)
FNDA:2,sortTasksByDate
FNDA:7,(anonymous_5)
FNDA:3,calculateTaskStats
FNDA:7,(anonymous_7)
FNDA:7,(anonymous_8)
FNDA:7,(anonymous_9)
DA:3,4
DA:12,8
DA:16,2
DA:17,7
DA:18,7
DA:19,7
DA:24,3
DA:25,7
DA:26,7
DA:27,7
DA:29,3
DA:38,1
LF:12
LH:12
BRDA:5,0,0,4
BRDA:5,0,1,1
BRDA:6,1,0,4
BRDA:6,1,1,3
BRDA:7,2,0,4
BRDA:7,2,1,4
BRDA:15,3,0,0
BRDA:19,4,0,3
BRDA:19,4,1,4
BRDA:34,5,0,2
BRDA:34,5,1,1
BRF:11
BRH:10
end_of_record
TN:
TN:
TN:
TN:
TN:
TN:
TN:
TN:
TN:
TN:
TN:
TN:
TN:
TN:
TN:
TN:
TN:
TN:
TN:
TN:
TN:
TN:
TN:
TN:
TN:
TN:
SF:utils.js
FN:2,validateEmail
FN:7,validatePassword
FN:11,generateTaskId
FN:15,formatDate
FNF:4
FNH:4
FNDA:6,validateEmail
FNDA:3,validatePassword
FNDA:2,generateTaskId
FNDA:2,formatDate
DA:3,6
DA:4,6
DA:8,3
DA:12,2
DA:16,2
DA:19,1
LF:6
LH:6
BRDA:8,0,0,3
BRDA:8,0,1,2
BRF:2
BRH:2
end_of_record
TN:
